<?xml version="1.0" encoding="utf-8"?>
<CoverageSession xmlns:xsd="http://www.w3.org/2001/XMLSchema" xmlns:xsi="http://www.w3.org/2001/XMLSchema-instance" Version="4.7.922.0">
  <Summary numSequencePoints="476" visitedSequencePoints="476" numBranchPoints="107" visitedBranchPoints="106" sequenceCoverage="100" branchCoverage="99.07" maxCyclomaticComplexity="9" minCyclomaticComplexity="1" maxCrapScore="9" minCrapScore="1" visitedClasses="7" numClasses="7" visitedMethods="39" numMethods="39" />
  <Modules>
    <Module hash="06-3A-E6-13-81-3B-A4-24-E4-72-CF-40-63-7C-57-95-25-F8-BB-A0">
      <Summary numSequencePoints="231" visitedSequencePoints="231" numBranchPoints="21" visitedBranchPoints="21" sequenceCoverage="100" branchCoverage="100" maxCyclomaticComplexity="1" minCyclomaticComplexity="0" maxCrapScore="2" minCrapScore="0" visitedClasses="1" numClasses="1" visitedMethods="21" numMethods="21" />
      <ModulePath>C:\Users\Ömer Faruk Varlı\source\repos\ce100-hw4-algo-lib-cs\ce100-hw4-algo-test-cs\bin\Debug\fine-code-coverage\build-output\ce100-hw4-algo-test-cs.dll</ModulePath>
      <ModuleTime>2022-05-16T18:48:27.8061697Z</ModuleTime>
      <ModuleName>ce100-hw4-algo-test-cs</ModuleName>
      <Files>
        <File uid="1" fullPath="C:\Users\Ömer Faruk Varlı\source\repos\ce100-hw4-algo-lib-cs\ce100-hw4-algo-test-cs\UnitTest1.cs" />
      </Files>
      <Classes>
        <Class>
          <Summary numSequencePoints="231" visitedSequencePoints="231" numBranchPoints="21" visitedBranchPoints="21" sequenceCoverage="100" branchCoverage="100" maxCyclomaticComplexity="1" minCyclomaticComplexity="1" maxCrapScore="2" minCrapScore="1" visitedClasses="1" numClasses="1" visitedMethods="21" numMethods="21" />
          <FullName>ce100_hw4_algo_test_cs.UnitTest1</FullName>
          <Methods>
            <Method visited="true" cyclomaticComplexity="1" nPathComplexity="0" sequenceCoverage="100" branchCoverage="100" crapScore="1" isConstructor="false" isStatic="false" isGetter="false" isSetter="false">
              <Summary numSequencePoints="8" visitedSequencePoints="8" numBranchPoints="1" visitedBranchPoints="1" sequenceCoverage="100" branchCoverage="100" maxCyclomaticComplexity="1" minCyclomaticComplexity="1" maxCrapScore="1" minCrapScore="1" visitedClasses="0" numClasses="0" visitedMethods="1" numMethods="1" />
              <MetadataToken>100663297</MetadataToken>
              <Name>System.Void ce100_hw4_algo_test_cs.UnitTest1::Activity_Selection_Test_1()</Name>
              <FileRef uid="1" />
              <SequencePoints>
                <SequencePoint vc="1" uspid="1" ordinal="0" offset="0" sl="12" sc="9" el="12" ec="10" bec="0" bev="0" fileid="1" />
                <SequencePoint vc="1" uspid="2" ordinal="1" offset="1" sl="13" sc="13" el="13" ec="51" bec="0" bev="0" fileid="1" />
                <SequencePoint vc="1" uspid="3" ordinal="2" offset="19" sl="15" sc="13" el="15" ec="51" bec="0" bev="0" fileid="1" />
                <SequencePoint vc="1" uspid="4" ordinal="3" offset="37" sl="16" sc="13" el="16" ec="31" bec="0" bev="0" fileid="1" />
                <SequencePoint vc="1" uspid="5" ordinal="4" offset="41" sl="18" sc="13" el="18" ec="72" bec="0" bev="0" fileid="1" />
                <SequencePoint vc="1" uspid="6" ordinal="5" offset="50" sl="19" sc="13" el="19" ec="28" bec="0" bev="0" fileid="1" />
                <SequencePoint vc="1" uspid="7" ordinal="6" offset="53" sl="20" sc="13" el="20" ec="42" bec="0" bev="0" fileid="1" />
                <SequencePoint vc="1" uspid="8" ordinal="7" offset="62" sl="21" sc="9" el="21" ec="10" bec="0" bev="0" fileid="1" />
              </SequencePoints>
              <BranchPoints />
              <MethodPoint xsi:type="SequencePoint" vc="1" uspid="1" ordinal="0" offset="0" sl="12" sc="9" el="12" ec="10" bec="0" bev="0" fileid="1" />
            </Method>
            <Method visited="true" cyclomaticComplexity="1" nPathComplexity="0" sequenceCoverage="100" branchCoverage="100" crapScore="1" isConstructor="false" isStatic="false" isGetter="false" isSetter="false">
              <Summary numSequencePoints="8" visitedSequencePoints="8" numBranchPoints="1" visitedBranchPoints="1" sequenceCoverage="100" branchCoverage="100" maxCyclomaticComplexity="1" minCyclomaticComplexity="1" maxCrapScore="1" minCrapScore="1" visitedClasses="0" numClasses="0" visitedMethods="1" numMethods="1" />
              <MetadataToken>100663298</MetadataToken>
              <Name>System.Void ce100_hw4_algo_test_cs.UnitTest1::Activity_Selection_Test_2()</Name>
              <FileRef uid="1" />
              <SequencePoints>
                <SequencePoint vc="1" uspid="9" ordinal="0" offset="0" sl="25" sc="9" el="25" ec="10" bec="0" bev="0" fileid="1" />
                <SequencePoint vc="1" uspid="10" ordinal="1" offset="1" sl="26" sc="13" el="26" ec="73" bec="0" bev="0" fileid="1" />
                <SequencePoint vc="1" uspid="11" ordinal="2" offset="19" sl="28" sc="13" el="28" ec="75" bec="0" bev="0" fileid="1" />
                <SequencePoint vc="1" uspid="12" ordinal="3" offset="37" sl="29" sc="13" el="29" ec="31" bec="0" bev="0" fileid="1" />
                <SequencePoint vc="1" uspid="13" ordinal="4" offset="41" sl="31" sc="13" el="31" ec="72" bec="0" bev="0" fileid="1" />
                <SequencePoint vc="1" uspid="14" ordinal="5" offset="50" sl="32" sc="13" el="32" ec="28" bec="0" bev="0" fileid="1" />
                <SequencePoint vc="1" uspid="15" ordinal="6" offset="53" sl="33" sc="13" el="33" ec="42" bec="0" bev="0" fileid="1" />
                <SequencePoint vc="1" uspid="16" ordinal="7" offset="62" sl="34" sc="9" el="34" ec="10" bec="0" bev="0" fileid="1" />
              </SequencePoints>
              <BranchPoints />
              <MethodPoint xsi:type="SequencePoint" vc="1" uspid="9" ordinal="0" offset="0" sl="25" sc="9" el="25" ec="10" bec="0" bev="0" fileid="1" />
            </Method>
            <Method visited="true" cyclomaticComplexity="1" nPathComplexity="0" sequenceCoverage="100" branchCoverage="100" crapScore="1" isConstructor="false" isStatic="false" isGetter="false" isSetter="false">
              <Summary numSequencePoints="8" visitedSequencePoints="8" numBranchPoints="1" visitedBranchPoints="1" sequenceCoverage="100" branchCoverage="100" maxCyclomaticComplexity="1" minCyclomaticComplexity="1" maxCrapScore="1" minCrapScore="1" visitedClasses="0" numClasses="0" visitedMethods="1" numMethods="1" />
              <MetadataToken>100663299</MetadataToken>
              <Name>System.Void ce100_hw4_algo_test_cs.UnitTest1::Activity_Selection_Test_3()</Name>
              <FileRef uid="1" />
              <SequencePoints>
                <SequencePoint vc="1" uspid="17" ordinal="0" offset="0" sl="38" sc="9" el="38" ec="10" bec="0" bev="0" fileid="1" />
                <SequencePoint vc="1" uspid="18" ordinal="1" offset="1" sl="39" sc="13" el="39" ec="74" bec="0" bev="0" fileid="1" />
                <SequencePoint vc="1" uspid="19" ordinal="2" offset="19" sl="41" sc="13" el="41" ec="77" bec="0" bev="0" fileid="1" />
                <SequencePoint vc="1" uspid="20" ordinal="3" offset="37" sl="42" sc="13" el="42" ec="31" bec="0" bev="0" fileid="1" />
                <SequencePoint vc="1" uspid="21" ordinal="4" offset="41" sl="44" sc="13" el="44" ec="72" bec="0" bev="0" fileid="1" />
                <SequencePoint vc="1" uspid="22" ordinal="5" offset="50" sl="45" sc="13" el="45" ec="25" bec="0" bev="0" fileid="1" />
                <SequencePoint vc="1" uspid="23" ordinal="6" offset="53" sl="46" sc="13" el="46" ec="39" bec="0" bev="0" fileid="1" />
                <SequencePoint vc="1" uspid="24" ordinal="7" offset="62" sl="47" sc="9" el="47" ec="10" bec="0" bev="0" fileid="1" />
              </SequencePoints>
              <BranchPoints />
              <MethodPoint xsi:type="SequencePoint" vc="1" uspid="17" ordinal="0" offset="0" sl="38" sc="9" el="38" ec="10" bec="0" bev="0" fileid="1" />
            </Method>
            <Method visited="true" cyclomaticComplexity="1" nPathComplexity="0" sequenceCoverage="100" branchCoverage="100" crapScore="1" isConstructor="false" isStatic="false" isGetter="false" isSetter="false">
              <Summary numSequencePoints="9" visitedSequencePoints="9" numBranchPoints="1" visitedBranchPoints="1" sequenceCoverage="100" branchCoverage="100" maxCyclomaticComplexity="1" minCyclomaticComplexity="1" maxCrapScore="1" minCrapScore="1" visitedClasses="0" numClasses="0" visitedMethods="1" numMethods="1" />
              <MetadataToken>100663300</MetadataToken>
              <Name>System.Void ce100_hw4_algo_test_cs.UnitTest1::Knapsack_test_1()</Name>
              <FileRef uid="1" />
              <SequencePoints>
                <SequencePoint vc="1" uspid="25" ordinal="0" offset="0" sl="51" sc="9" el="51" ec="10" bec="0" bev="0" fileid="1" />
                <SequencePoint vc="1" uspid="26" ordinal="1" offset="1" sl="52" sc="13" el="52" ec="58" bec="0" bev="0" fileid="1" />
                <SequencePoint vc="1" uspid="27" ordinal="2" offset="19" sl="53" sc="13" el="53" ec="55" bec="0" bev="0" fileid="1" />
                <SequencePoint vc="1" uspid="28" ordinal="3" offset="37" sl="54" sc="13" el="54" ec="26" bec="0" bev="0" fileid="1" />
                <SequencePoint vc="1" uspid="29" ordinal="4" offset="43" sl="55" sc="13" el="55" ec="32" bec="0" bev="0" fileid="1" />
                <SequencePoint vc="1" uspid="30" ordinal="5" offset="47" sl="57" sc="13" el="57" ec="67" bec="0" bev="0" fileid="1" />
                <SequencePoint vc="1" uspid="31" ordinal="6" offset="58" sl="58" sc="13" el="58" ec="29" bec="0" bev="0" fileid="1" />
                <SequencePoint vc="1" uspid="32" ordinal="7" offset="65" sl="59" sc="13" el="59" ec="42" bec="0" bev="0" fileid="1" />
                <SequencePoint vc="1" uspid="33" ordinal="8" offset="75" sl="60" sc="9" el="60" ec="10" bec="0" bev="0" fileid="1" />
              </SequencePoints>
              <BranchPoints />
              <MethodPoint xsi:type="SequencePoint" vc="1" uspid="25" ordinal="0" offset="0" sl="51" sc="9" el="51" ec="10" bec="0" bev="0" fileid="1" />
            </Method>
            <Method visited="true" cyclomaticComplexity="1" nPathComplexity="0" sequenceCoverage="100" branchCoverage="100" crapScore="1" isConstructor="false" isStatic="false" isGetter="false" isSetter="false">
              <Summary numSequencePoints="9" visitedSequencePoints="9" numBranchPoints="1" visitedBranchPoints="1" sequenceCoverage="100" branchCoverage="100" maxCyclomaticComplexity="1" minCyclomaticComplexity="1" maxCrapScore="1" minCrapScore="1" visitedClasses="0" numClasses="0" visitedMethods="1" numMethods="1" />
              <MetadataToken>100663301</MetadataToken>
              <Name>System.Void ce100_hw4_algo_test_cs.UnitTest1::Knapsack_test_2()</Name>
              <FileRef uid="1" />
              <SequencePoints>
                <SequencePoint vc="1" uspid="34" ordinal="0" offset="0" sl="64" sc="9" el="64" ec="10" bec="0" bev="0" fileid="1" />
                <SequencePoint vc="1" uspid="35" ordinal="1" offset="1" sl="65" sc="13" el="65" ec="63" bec="0" bev="0" fileid="1" />
                <SequencePoint vc="1" uspid="36" ordinal="2" offset="19" sl="66" sc="13" el="66" ec="62" bec="0" bev="0" fileid="1" />
                <SequencePoint vc="1" uspid="37" ordinal="3" offset="37" sl="67" sc="13" el="67" ec="25" bec="0" bev="0" fileid="1" />
                <SequencePoint vc="1" uspid="38" ordinal="4" offset="43" sl="68" sc="13" el="68" ec="32" bec="0" bev="0" fileid="1" />
                <SequencePoint vc="1" uspid="39" ordinal="5" offset="47" sl="70" sc="13" el="70" ec="67" bec="0" bev="0" fileid="1" />
                <SequencePoint vc="1" uspid="40" ordinal="6" offset="58" sl="71" sc="13" el="71" ec="28" bec="0" bev="0" fileid="1" />
                <SequencePoint vc="1" uspid="41" ordinal="7" offset="65" sl="72" sc="13" el="72" ec="42" bec="0" bev="0" fileid="1" />
                <SequencePoint vc="1" uspid="42" ordinal="8" offset="75" sl="73" sc="9" el="73" ec="10" bec="0" bev="0" fileid="1" />
              </SequencePoints>
              <BranchPoints />
              <MethodPoint xsi:type="SequencePoint" vc="1" uspid="34" ordinal="0" offset="0" sl="64" sc="9" el="64" ec="10" bec="0" bev="0" fileid="1" />
            </Method>
            <Method visited="true" cyclomaticComplexity="1" nPathComplexity="0" sequenceCoverage="100" branchCoverage="100" crapScore="1" isConstructor="false" isStatic="false" isGetter="false" isSetter="false">
              <Summary numSequencePoints="9" visitedSequencePoints="9" numBranchPoints="1" visitedBranchPoints="1" sequenceCoverage="100" branchCoverage="100" maxCyclomaticComplexity="1" minCyclomaticComplexity="1" maxCrapScore="1" minCrapScore="1" visitedClasses="0" numClasses="0" visitedMethods="1" numMethods="1" />
              <MetadataToken>100663302</MetadataToken>
              <Name>System.Void ce100_hw4_algo_test_cs.UnitTest1::Knapsack_test_3()</Name>
              <FileRef uid="1" />
              <SequencePoints>
                <SequencePoint vc="1" uspid="43" ordinal="0" offset="0" sl="77" sc="9" el="77" ec="10" bec="0" bev="0" fileid="1" />
                <SequencePoint vc="1" uspid="44" ordinal="1" offset="1" sl="78" sc="13" el="78" ec="62" bec="0" bev="0" fileid="1" />
                <SequencePoint vc="1" uspid="45" ordinal="2" offset="19" sl="79" sc="13" el="79" ec="61" bec="0" bev="0" fileid="1" />
                <SequencePoint vc="1" uspid="46" ordinal="3" offset="37" sl="80" sc="13" el="80" ec="26" bec="0" bev="0" fileid="1" />
                <SequencePoint vc="1" uspid="47" ordinal="4" offset="43" sl="81" sc="13" el="81" ec="32" bec="0" bev="0" fileid="1" />
                <SequencePoint vc="1" uspid="48" ordinal="5" offset="47" sl="83" sc="13" el="83" ec="67" bec="0" bev="0" fileid="1" />
                <SequencePoint vc="1" uspid="49" ordinal="6" offset="58" sl="84" sc="13" el="84" ec="29" bec="0" bev="0" fileid="1" />
                <SequencePoint vc="1" uspid="50" ordinal="7" offset="65" sl="85" sc="13" el="85" ec="42" bec="0" bev="0" fileid="1" />
                <SequencePoint vc="1" uspid="51" ordinal="8" offset="75" sl="86" sc="9" el="86" ec="10" bec="0" bev="0" fileid="1" />
              </SequencePoints>
              <BranchPoints />
              <MethodPoint xsi:type="SequencePoint" vc="1" uspid="43" ordinal="0" offset="0" sl="77" sc="9" el="77" ec="10" bec="0" bev="0" fileid="1" />
            </Method>
            <Method visited="true" cyclomaticComplexity="1" nPathComplexity="0" sequenceCoverage="100" branchCoverage="100" crapScore="1" isConstructor="false" isStatic="false" isGetter="false" isSetter="false">
              <Summary numSequencePoints="9" visitedSequencePoints="9" numBranchPoints="1" visitedBranchPoints="1" sequenceCoverage="100" branchCoverage="100" maxCyclomaticComplexity="1" minCyclomaticComplexity="1" maxCrapScore="1" minCrapScore="1" visitedClasses="0" numClasses="0" visitedMethods="1" numMethods="1" />
              <MetadataToken>100663303</MetadataToken>
              <Name>System.Void ce100_hw4_algo_test_cs.UnitTest1::Knapsack_Print_test_1()</Name>
              <FileRef uid="1" />
              <SequencePoints>
                <SequencePoint vc="1" uspid="52" ordinal="0" offset="0" sl="90" sc="9" el="90" ec="10" bec="0" bev="0" fileid="1" />
                <SequencePoint vc="1" uspid="53" ordinal="1" offset="1" sl="91" sc="13" el="91" ec="48" bec="0" bev="0" fileid="1" />
                <SequencePoint vc="1" uspid="54" ordinal="2" offset="19" sl="92" sc="13" el="92" ec="45" bec="0" bev="0" fileid="1" />
                <SequencePoint vc="1" uspid="55" ordinal="3" offset="37" sl="93" sc="13" el="93" ec="26" bec="0" bev="0" fileid="1" />
                <SequencePoint vc="1" uspid="56" ordinal="4" offset="43" sl="94" sc="13" el="94" ec="32" bec="0" bev="0" fileid="1" />
                <SequencePoint vc="1" uspid="57" ordinal="5" offset="47" sl="96" sc="13" el="96" ec="72" bec="0" bev="0" fileid="1" />
                <SequencePoint vc="1" uspid="58" ordinal="6" offset="58" sl="97" sc="13" el="97" ec="27" bec="0" bev="0" fileid="1" />
                <SequencePoint vc="1" uspid="59" ordinal="7" offset="61" sl="98" sc="13" el="98" ec="42" bec="0" bev="0" fileid="1" />
                <SequencePoint vc="1" uspid="60" ordinal="8" offset="71" sl="99" sc="9" el="99" ec="10" bec="0" bev="0" fileid="1" />
              </SequencePoints>
              <BranchPoints />
              <MethodPoint xsi:type="SequencePoint" vc="1" uspid="52" ordinal="0" offset="0" sl="90" sc="9" el="90" ec="10" bec="0" bev="0" fileid="1" />
            </Method>
            <Method visited="true" cyclomaticComplexity="1" nPathComplexity="0" sequenceCoverage="100" branchCoverage="100" crapScore="1" isConstructor="false" isStatic="false" isGetter="false" isSetter="false">
              <Summary numSequencePoints="9" visitedSequencePoints="9" numBranchPoints="1" visitedBranchPoints="1" sequenceCoverage="100" branchCoverage="100" maxCyclomaticComplexity="1" minCyclomaticComplexity="1" maxCrapScore="1" minCrapScore="1" visitedClasses="0" numClasses="0" visitedMethods="1" numMethods="1" />
              <MetadataToken>100663304</MetadataToken>
              <Name>System.Void ce100_hw4_algo_test_cs.UnitTest1::Knapsack_Print_test_2()</Name>
              <FileRef uid="1" />
              <SequencePoints>
                <SequencePoint vc="1" uspid="61" ordinal="0" offset="0" sl="103" sc="9" el="103" ec="10" bec="0" bev="0" fileid="1" />
                <SequencePoint vc="1" uspid="62" ordinal="1" offset="1" sl="104" sc="13" el="104" ec="63" bec="0" bev="0" fileid="1" />
                <SequencePoint vc="1" uspid="63" ordinal="2" offset="19" sl="105" sc="13" el="105" ec="62" bec="0" bev="0" fileid="1" />
                <SequencePoint vc="1" uspid="64" ordinal="3" offset="37" sl="106" sc="13" el="106" ec="25" bec="0" bev="0" fileid="1" />
                <SequencePoint vc="1" uspid="65" ordinal="4" offset="43" sl="107" sc="13" el="107" ec="32" bec="0" bev="0" fileid="1" />
                <SequencePoint vc="1" uspid="66" ordinal="5" offset="47" sl="109" sc="13" el="109" ec="72" bec="0" bev="0" fileid="1" />
                <SequencePoint vc="1" uspid="67" ordinal="6" offset="58" sl="110" sc="13" el="110" ec="27" bec="0" bev="0" fileid="1" />
                <SequencePoint vc="1" uspid="68" ordinal="7" offset="61" sl="111" sc="13" el="111" ec="42" bec="0" bev="0" fileid="1" />
                <SequencePoint vc="1" uspid="69" ordinal="8" offset="71" sl="112" sc="9" el="112" ec="10" bec="0" bev="0" fileid="1" />
              </SequencePoints>
              <BranchPoints />
              <MethodPoint xsi:type="SequencePoint" vc="1" uspid="61" ordinal="0" offset="0" sl="103" sc="9" el="103" ec="10" bec="0" bev="0" fileid="1" />
            </Method>
            <Method visited="true" cyclomaticComplexity="1" nPathComplexity="0" sequenceCoverage="100" branchCoverage="100" crapScore="1" isConstructor="false" isStatic="false" isGetter="false" isSetter="false">
              <Summary numSequencePoints="9" visitedSequencePoints="9" numBranchPoints="1" visitedBranchPoints="1" sequenceCoverage="100" branchCoverage="100" maxCyclomaticComplexity="1" minCyclomaticComplexity="1" maxCrapScore="1" minCrapScore="1" visitedClasses="0" numClasses="0" visitedMethods="1" numMethods="1" />
              <MetadataToken>100663305</MetadataToken>
              <Name>System.Void ce100_hw4_algo_test_cs.UnitTest1::Knapsack_Print_test_3()</Name>
              <FileRef uid="1" />
              <SequencePoints>
                <SequencePoint vc="1" uspid="70" ordinal="0" offset="0" sl="116" sc="9" el="116" ec="10" bec="0" bev="0" fileid="1" />
                <SequencePoint vc="1" uspid="71" ordinal="1" offset="1" sl="117" sc="13" el="117" ec="62" bec="0" bev="0" fileid="1" />
                <SequencePoint vc="1" uspid="72" ordinal="2" offset="19" sl="118" sc="13" el="118" ec="61" bec="0" bev="0" fileid="1" />
                <SequencePoint vc="1" uspid="73" ordinal="3" offset="37" sl="119" sc="13" el="119" ec="26" bec="0" bev="0" fileid="1" />
                <SequencePoint vc="1" uspid="74" ordinal="4" offset="43" sl="120" sc="13" el="120" ec="32" bec="0" bev="0" fileid="1" />
                <SequencePoint vc="1" uspid="75" ordinal="5" offset="47" sl="122" sc="13" el="122" ec="69" bec="0" bev="0" fileid="1" />
                <SequencePoint vc="1" uspid="76" ordinal="6" offset="58" sl="123" sc="13" el="123" ec="27" bec="0" bev="0" fileid="1" />
                <SequencePoint vc="1" uspid="77" ordinal="7" offset="61" sl="124" sc="13" el="124" ec="39" bec="0" bev="0" fileid="1" />
                <SequencePoint vc="1" uspid="78" ordinal="8" offset="71" sl="125" sc="9" el="125" ec="10" bec="0" bev="0" fileid="1" />
              </SequencePoints>
              <BranchPoints />
              <MethodPoint xsi:type="SequencePoint" vc="1" uspid="70" ordinal="0" offset="0" sl="116" sc="9" el="116" ec="10" bec="0" bev="0" fileid="1" />
            </Method>
            <Method visited="true" cyclomaticComplexity="1" nPathComplexity="0" sequenceCoverage="100" branchCoverage="100" crapScore="1" isConstructor="false" isStatic="false" isGetter="false" isSetter="false">
              <Summary numSequencePoints="12" visitedSequencePoints="12" numBranchPoints="1" visitedBranchPoints="1" sequenceCoverage="100" branchCoverage="100" maxCyclomaticComplexity="1" minCyclomaticComplexity="1" maxCrapScore="1" minCrapScore="1" visitedClasses="0" numClasses="0" visitedMethods="1" numMethods="1" />
              <MetadataToken>100663306</MetadataToken>
              <Name>System.Void ce100_hw4_algo_test_cs.UnitTest1::BFS_test_1()</Name>
              <FileRef uid="1" />
              <SequencePoints>
                <SequencePoint vc="1" uspid="79" ordinal="0" offset="0" sl="129" sc="9" el="129" ec="10" bec="0" bev="0" fileid="1" />
                <SequencePoint vc="1" uspid="80" ordinal="1" offset="1" sl="130" sc="13" el="130" ec="34" bec="0" bev="0" fileid="1" />
                <SequencePoint vc="1" uspid="81" ordinal="2" offset="8" sl="132" sc="13" el="132" ec="39" bec="0" bev="0" fileid="1" />
                <SequencePoint vc="1" uspid="82" ordinal="3" offset="16" sl="133" sc="13" el="133" ec="39" bec="0" bev="0" fileid="1" />
                <SequencePoint vc="1" uspid="83" ordinal="4" offset="24" sl="134" sc="13" el="134" ec="39" bec="0" bev="0" fileid="1" />
                <SequencePoint vc="1" uspid="84" ordinal="5" offset="32" sl="135" sc="13" el="135" ec="39" bec="0" bev="0" fileid="1" />
                <SequencePoint vc="1" uspid="85" ordinal="6" offset="40" sl="136" sc="13" el="136" ec="39" bec="0" bev="0" fileid="1" />
                <SequencePoint vc="1" uspid="86" ordinal="7" offset="48" sl="137" sc="13" el="137" ec="39" bec="0" bev="0" fileid="1" />
                <SequencePoint vc="1" uspid="87" ordinal="8" offset="56" sl="139" sc="13" el="139" ec="23" bec="0" bev="0" fileid="1" />
                <SequencePoint vc="1" uspid="88" ordinal="9" offset="58" sl="140" sc="13" el="140" ec="38" bec="0" bev="0" fileid="1" />
                <SequencePoint vc="1" uspid="89" ordinal="10" offset="64" sl="141" sc="13" el="141" ec="57" bec="0" bev="0" fileid="1" />
                <SequencePoint vc="1" uspid="90" ordinal="11" offset="77" sl="142" sc="9" el="142" ec="10" bec="0" bev="0" fileid="1" />
              </SequencePoints>
              <BranchPoints />
              <MethodPoint xsi:type="SequencePoint" vc="1" uspid="79" ordinal="0" offset="0" sl="129" sc="9" el="129" ec="10" bec="0" bev="0" fileid="1" />
            </Method>
            <Method visited="true" cyclomaticComplexity="1" nPathComplexity="0" sequenceCoverage="100" branchCoverage="100" crapScore="1" isConstructor="false" isStatic="false" isGetter="false" isSetter="false">
              <Summary numSequencePoints="17" visitedSequencePoints="17" numBranchPoints="1" visitedBranchPoints="1" sequenceCoverage="100" branchCoverage="100" maxCyclomaticComplexity="1" minCyclomaticComplexity="1" maxCrapScore="1" minCrapScore="1" visitedClasses="0" numClasses="0" visitedMethods="1" numMethods="1" />
              <MetadataToken>100663307</MetadataToken>
              <Name>System.Void ce100_hw4_algo_test_cs.UnitTest1::BFS_test_2()</Name>
              <FileRef uid="1" />
              <SequencePoints>
                <SequencePoint vc="1" uspid="91" ordinal="0" offset="0" sl="146" sc="9" el="146" ec="10" bec="0" bev="0" fileid="1" />
                <SequencePoint vc="1" uspid="92" ordinal="1" offset="1" sl="147" sc="13" el="147" ec="34" bec="0" bev="0" fileid="1" />
                <SequencePoint vc="1" uspid="93" ordinal="2" offset="8" sl="149" sc="13" el="149" ec="39" bec="0" bev="0" fileid="1" />
                <SequencePoint vc="1" uspid="94" ordinal="3" offset="16" sl="150" sc="13" el="150" ec="39" bec="0" bev="0" fileid="1" />
                <SequencePoint vc="1" uspid="95" ordinal="4" offset="24" sl="151" sc="13" el="151" ec="39" bec="0" bev="0" fileid="1" />
                <SequencePoint vc="1" uspid="96" ordinal="5" offset="32" sl="152" sc="13" el="152" ec="39" bec="0" bev="0" fileid="1" />
                <SequencePoint vc="1" uspid="97" ordinal="6" offset="40" sl="153" sc="13" el="153" ec="39" bec="0" bev="0" fileid="1" />
                <SequencePoint vc="1" uspid="98" ordinal="7" offset="48" sl="154" sc="13" el="154" ec="39" bec="0" bev="0" fileid="1" />
                <SequencePoint vc="1" uspid="99" ordinal="8" offset="56" sl="155" sc="13" el="155" ec="39" bec="0" bev="0" fileid="1" />
                <SequencePoint vc="1" uspid="100" ordinal="9" offset="64" sl="156" sc="13" el="156" ec="39" bec="0" bev="0" fileid="1" />
                <SequencePoint vc="1" uspid="101" ordinal="10" offset="72" sl="157" sc="13" el="157" ec="39" bec="0" bev="0" fileid="1" />
                <SequencePoint vc="1" uspid="102" ordinal="11" offset="80" sl="158" sc="13" el="158" ec="39" bec="0" bev="0" fileid="1" />
                <SequencePoint vc="1" uspid="103" ordinal="12" offset="88" sl="159" sc="13" el="159" ec="39" bec="0" bev="0" fileid="1" />
                <SequencePoint vc="1" uspid="104" ordinal="13" offset="96" sl="161" sc="13" el="161" ec="23" bec="0" bev="0" fileid="1" />
                <SequencePoint vc="1" uspid="105" ordinal="14" offset="98" sl="162" sc="13" el="162" ec="42" bec="0" bev="0" fileid="1" />
                <SequencePoint vc="1" uspid="106" ordinal="15" offset="104" sl="163" sc="13" el="163" ec="57" bec="0" bev="0" fileid="1" />
                <SequencePoint vc="1" uspid="107" ordinal="16" offset="117" sl="164" sc="9" el="164" ec="10" bec="0" bev="0" fileid="1" />
              </SequencePoints>
              <BranchPoints />
              <MethodPoint xsi:type="SequencePoint" vc="1" uspid="91" ordinal="0" offset="0" sl="146" sc="9" el="146" ec="10" bec="0" bev="0" fileid="1" />
            </Method>
            <Method visited="true" cyclomaticComplexity="1" nPathComplexity="0" sequenceCoverage="100" branchCoverage="100" crapScore="1" isConstructor="false" isStatic="false" isGetter="false" isSetter="false">
              <Summary numSequencePoints="15" visitedSequencePoints="15" numBranchPoints="1" visitedBranchPoints="1" sequenceCoverage="100" branchCoverage="100" maxCyclomaticComplexity="1" minCyclomaticComplexity="1" maxCrapScore="1" minCrapScore="1" visitedClasses="0" numClasses="0" visitedMethods="1" numMethods="1" />
              <MetadataToken>100663308</MetadataToken>
              <Name>System.Void ce100_hw4_algo_test_cs.UnitTest1::BFS_test_3()</Name>
              <FileRef uid="1" />
              <SequencePoints>
                <SequencePoint vc="1" uspid="108" ordinal="0" offset="0" sl="168" sc="9" el="168" ec="10" bec="0" bev="0" fileid="1" />
                <SequencePoint vc="1" uspid="109" ordinal="1" offset="1" sl="169" sc="13" el="169" ec="34" bec="0" bev="0" fileid="1" />
                <SequencePoint vc="1" uspid="110" ordinal="2" offset="8" sl="171" sc="13" el="171" ec="39" bec="0" bev="0" fileid="1" />
                <SequencePoint vc="1" uspid="111" ordinal="3" offset="16" sl="172" sc="13" el="172" ec="39" bec="0" bev="0" fileid="1" />
                <SequencePoint vc="1" uspid="112" ordinal="4" offset="24" sl="173" sc="13" el="173" ec="39" bec="0" bev="0" fileid="1" />
                <SequencePoint vc="1" uspid="113" ordinal="5" offset="32" sl="174" sc="13" el="174" ec="39" bec="0" bev="0" fileid="1" />
                <SequencePoint vc="1" uspid="114" ordinal="6" offset="40" sl="175" sc="13" el="175" ec="39" bec="0" bev="0" fileid="1" />
                <SequencePoint vc="1" uspid="115" ordinal="7" offset="48" sl="176" sc="13" el="176" ec="39" bec="0" bev="0" fileid="1" />
                <SequencePoint vc="1" uspid="116" ordinal="8" offset="56" sl="177" sc="13" el="177" ec="39" bec="0" bev="0" fileid="1" />
                <SequencePoint vc="1" uspid="117" ordinal="9" offset="64" sl="178" sc="13" el="178" ec="39" bec="0" bev="0" fileid="1" />
                <SequencePoint vc="1" uspid="118" ordinal="10" offset="72" sl="179" sc="13" el="179" ec="39" bec="0" bev="0" fileid="1" />
                <SequencePoint vc="1" uspid="119" ordinal="11" offset="80" sl="181" sc="13" el="181" ec="23" bec="0" bev="0" fileid="1" />
                <SequencePoint vc="1" uspid="120" ordinal="12" offset="82" sl="182" sc="13" el="182" ec="40" bec="0" bev="0" fileid="1" />
                <SequencePoint vc="1" uspid="121" ordinal="13" offset="88" sl="183" sc="13" el="183" ec="57" bec="0" bev="0" fileid="1" />
                <SequencePoint vc="1" uspid="122" ordinal="14" offset="101" sl="184" sc="9" el="184" ec="10" bec="0" bev="0" fileid="1" />
              </SequencePoints>
              <BranchPoints />
              <MethodPoint xsi:type="SequencePoint" vc="1" uspid="108" ordinal="0" offset="0" sl="168" sc="9" el="168" ec="10" bec="0" bev="0" fileid="1" />
            </Method>
            <Method visited="true" cyclomaticComplexity="1" nPathComplexity="0" sequenceCoverage="100" branchCoverage="100" crapScore="1" isConstructor="false" isStatic="false" isGetter="false" isSetter="false">
              <Summary numSequencePoints="12" visitedSequencePoints="12" numBranchPoints="1" visitedBranchPoints="1" sequenceCoverage="100" branchCoverage="100" maxCyclomaticComplexity="1" minCyclomaticComplexity="1" maxCrapScore="1" minCrapScore="1" visitedClasses="0" numClasses="0" visitedMethods="1" numMethods="1" />
              <MetadataToken>100663309</MetadataToken>
              <Name>System.Void ce100_hw4_algo_test_cs.UnitTest1::DFS_test_1()</Name>
              <FileRef uid="1" />
              <SequencePoints>
                <SequencePoint vc="1" uspid="123" ordinal="0" offset="0" sl="188" sc="9" el="188" ec="10" bec="0" bev="0" fileid="1" />
                <SequencePoint vc="1" uspid="124" ordinal="1" offset="1" sl="189" sc="13" el="189" ec="34" bec="0" bev="0" fileid="1" />
                <SequencePoint vc="1" uspid="125" ordinal="2" offset="8" sl="191" sc="13" el="191" ec="39" bec="0" bev="0" fileid="1" />
                <SequencePoint vc="1" uspid="126" ordinal="3" offset="16" sl="192" sc="13" el="192" ec="39" bec="0" bev="0" fileid="1" />
                <SequencePoint vc="1" uspid="127" ordinal="4" offset="24" sl="193" sc="13" el="193" ec="39" bec="0" bev="0" fileid="1" />
                <SequencePoint vc="1" uspid="128" ordinal="5" offset="32" sl="194" sc="13" el="194" ec="39" bec="0" bev="0" fileid="1" />
                <SequencePoint vc="1" uspid="129" ordinal="6" offset="40" sl="195" sc="13" el="195" ec="39" bec="0" bev="0" fileid="1" />
                <SequencePoint vc="1" uspid="130" ordinal="7" offset="48" sl="196" sc="13" el="196" ec="39" bec="0" bev="0" fileid="1" />
                <SequencePoint vc="1" uspid="131" ordinal="8" offset="56" sl="200" sc="13" el="200" ec="23" bec="0" bev="0" fileid="1" />
                <SequencePoint vc="1" uspid="132" ordinal="9" offset="58" sl="201" sc="13" el="201" ec="42" bec="0" bev="0" fileid="1" />
                <SequencePoint vc="1" uspid="133" ordinal="10" offset="64" sl="202" sc="13" el="202" ec="63" bec="0" bev="0" fileid="1" />
                <SequencePoint vc="1" uspid="134" ordinal="11" offset="77" sl="203" sc="9" el="203" ec="10" bec="0" bev="0" fileid="1" />
              </SequencePoints>
              <BranchPoints />
              <MethodPoint xsi:type="SequencePoint" vc="1" uspid="123" ordinal="0" offset="0" sl="188" sc="9" el="188" ec="10" bec="0" bev="0" fileid="1" />
            </Method>
            <Method visited="true" cyclomaticComplexity="1" nPathComplexity="0" sequenceCoverage="100" branchCoverage="100" crapScore="1" isConstructor="false" isStatic="false" isGetter="false" isSetter="false">
              <Summary numSequencePoints="12" visitedSequencePoints="12" numBranchPoints="1" visitedBranchPoints="1" sequenceCoverage="100" branchCoverage="100" maxCyclomaticComplexity="1" minCyclomaticComplexity="1" maxCrapScore="1" minCrapScore="1" visitedClasses="0" numClasses="0" visitedMethods="1" numMethods="1" />
              <MetadataToken>100663310</MetadataToken>
              <Name>System.Void ce100_hw4_algo_test_cs.UnitTest1::DFS_test_2()</Name>
              <FileRef uid="1" />
              <SequencePoints>
                <SequencePoint vc="1" uspid="135" ordinal="0" offset="0" sl="208" sc="9" el="208" ec="10" bec="0" bev="0" fileid="1" />
                <SequencePoint vc="1" uspid="136" ordinal="1" offset="1" sl="209" sc="13" el="209" ec="34" bec="0" bev="0" fileid="1" />
                <SequencePoint vc="1" uspid="137" ordinal="2" offset="8" sl="211" sc="13" el="211" ec="39" bec="0" bev="0" fileid="1" />
                <SequencePoint vc="1" uspid="138" ordinal="3" offset="16" sl="212" sc="13" el="212" ec="39" bec="0" bev="0" fileid="1" />
                <SequencePoint vc="1" uspid="139" ordinal="4" offset="24" sl="213" sc="13" el="213" ec="39" bec="0" bev="0" fileid="1" />
                <SequencePoint vc="1" uspid="140" ordinal="5" offset="32" sl="214" sc="13" el="214" ec="39" bec="0" bev="0" fileid="1" />
                <SequencePoint vc="1" uspid="141" ordinal="6" offset="40" sl="215" sc="13" el="215" ec="39" bec="0" bev="0" fileid="1" />
                <SequencePoint vc="1" uspid="142" ordinal="7" offset="48" sl="216" sc="13" el="216" ec="39" bec="0" bev="0" fileid="1" />
                <SequencePoint vc="1" uspid="143" ordinal="8" offset="56" sl="219" sc="13" el="219" ec="23" bec="0" bev="0" fileid="1" />
                <SequencePoint vc="1" uspid="144" ordinal="9" offset="58" sl="220" sc="13" el="220" ec="42" bec="0" bev="0" fileid="1" />
                <SequencePoint vc="1" uspid="145" ordinal="10" offset="64" sl="221" sc="13" el="221" ec="63" bec="0" bev="0" fileid="1" />
                <SequencePoint vc="1" uspid="146" ordinal="11" offset="77" sl="222" sc="9" el="222" ec="10" bec="0" bev="0" fileid="1" />
              </SequencePoints>
              <BranchPoints />
              <MethodPoint xsi:type="SequencePoint" vc="1" uspid="135" ordinal="0" offset="0" sl="208" sc="9" el="208" ec="10" bec="0" bev="0" fileid="1" />
            </Method>
            <Method visited="true" cyclomaticComplexity="1" nPathComplexity="0" sequenceCoverage="100" branchCoverage="100" crapScore="1" isConstructor="false" isStatic="false" isGetter="false" isSetter="false">
              <Summary numSequencePoints="10" visitedSequencePoints="10" numBranchPoints="1" visitedBranchPoints="1" sequenceCoverage="100" branchCoverage="100" maxCyclomaticComplexity="1" minCyclomaticComplexity="1" maxCrapScore="1" minCrapScore="1" visitedClasses="0" numClasses="0" visitedMethods="1" numMethods="1" />
              <MetadataToken>100663311</MetadataToken>
              <Name>System.Void ce100_hw4_algo_test_cs.UnitTest1::DFS_test_3()</Name>
              <FileRef uid="1" />
              <SequencePoints>
                <SequencePoint vc="1" uspid="147" ordinal="0" offset="0" sl="227" sc="9" el="227" ec="10" bec="0" bev="0" fileid="1" />
                <SequencePoint vc="1" uspid="148" ordinal="1" offset="1" sl="228" sc="13" el="228" ec="34" bec="0" bev="0" fileid="1" />
                <SequencePoint vc="1" uspid="149" ordinal="2" offset="8" sl="230" sc="13" el="230" ec="39" bec="0" bev="0" fileid="1" />
                <SequencePoint vc="1" uspid="150" ordinal="3" offset="16" sl="231" sc="13" el="231" ec="39" bec="0" bev="0" fileid="1" />
                <SequencePoint vc="1" uspid="151" ordinal="4" offset="24" sl="232" sc="13" el="232" ec="39" bec="0" bev="0" fileid="1" />
                <SequencePoint vc="1" uspid="152" ordinal="5" offset="32" sl="233" sc="13" el="233" ec="39" bec="0" bev="0" fileid="1" />
                <SequencePoint vc="1" uspid="153" ordinal="6" offset="40" sl="237" sc="13" el="237" ec="23" bec="0" bev="0" fileid="1" />
                <SequencePoint vc="1" uspid="154" ordinal="7" offset="42" sl="238" sc="13" el="238" ec="45" bec="0" bev="0" fileid="1" />
                <SequencePoint vc="1" uspid="155" ordinal="8" offset="48" sl="239" sc="13" el="239" ec="63" bec="0" bev="0" fileid="1" />
                <SequencePoint vc="1" uspid="156" ordinal="9" offset="61" sl="240" sc="9" el="240" ec="10" bec="0" bev="0" fileid="1" />
              </SequencePoints>
              <BranchPoints />
              <MethodPoint xsi:type="SequencePoint" vc="1" uspid="147" ordinal="0" offset="0" sl="227" sc="9" el="227" ec="10" bec="0" bev="0" fileid="1" />
            </Method>
            <Method visited="true" cyclomaticComplexity="1" nPathComplexity="0" sequenceCoverage="100" branchCoverage="100" crapScore="1" isConstructor="false" isStatic="false" isGetter="false" isSetter="false">
              <Summary numSequencePoints="12" visitedSequencePoints="12" numBranchPoints="1" visitedBranchPoints="1" sequenceCoverage="100" branchCoverage="100" maxCyclomaticComplexity="1" minCyclomaticComplexity="1" maxCrapScore="1" minCrapScore="1" visitedClasses="0" numClasses="0" visitedMethods="1" numMethods="1" />
              <MetadataToken>100663312</MetadataToken>
              <Name>System.Void ce100_hw4_algo_test_cs.UnitTest1::Topological_Sort_Problem_Test_1()</Name>
              <FileRef uid="1" />
              <SequencePoints>
                <SequencePoint vc="1" uspid="157" ordinal="0" offset="0" sl="244" sc="9" el="244" ec="10" bec="0" bev="0" fileid="1" />
                <SequencePoint vc="1" uspid="158" ordinal="1" offset="1" sl="245" sc="13" el="245" ec="48" bec="0" bev="0" fileid="1" />
                <SequencePoint vc="1" uspid="159" ordinal="2" offset="8" sl="246" sc="13" el="246" ec="52" bec="0" bev="0" fileid="1" />
                <SequencePoint vc="1" uspid="160" ordinal="3" offset="16" sl="247" sc="13" el="247" ec="52" bec="0" bev="0" fileid="1" />
                <SequencePoint vc="1" uspid="161" ordinal="4" offset="24" sl="248" sc="13" el="248" ec="52" bec="0" bev="0" fileid="1" />
                <SequencePoint vc="1" uspid="162" ordinal="5" offset="32" sl="249" sc="13" el="249" ec="52" bec="0" bev="0" fileid="1" />
                <SequencePoint vc="1" uspid="163" ordinal="6" offset="40" sl="250" sc="13" el="250" ec="52" bec="0" bev="0" fileid="1" />
                <SequencePoint vc="1" uspid="164" ordinal="7" offset="48" sl="251" sc="13" el="251" ec="52" bec="0" bev="0" fileid="1" />
                <SequencePoint vc="1" uspid="165" ordinal="8" offset="56" sl="254" sc="13" el="254" ec="69" bec="0" bev="0" fileid="1" />
                <SequencePoint vc="1" uspid="166" ordinal="9" offset="62" sl="255" sc="13" el="255" ec="45" bec="0" bev="0" fileid="1" />
                <SequencePoint vc="1" uspid="167" ordinal="10" offset="68" sl="256" sc="13" el="256" ec="39" bec="0" bev="0" fileid="1" />
                <SequencePoint vc="1" uspid="168" ordinal="11" offset="76" sl="257" sc="9" el="257" ec="10" bec="0" bev="0" fileid="1" />
              </SequencePoints>
              <BranchPoints />
              <MethodPoint xsi:type="SequencePoint" vc="1" uspid="157" ordinal="0" offset="0" sl="244" sc="9" el="244" ec="10" bec="0" bev="0" fileid="1" />
            </Method>
            <Method visited="true" cyclomaticComplexity="1" nPathComplexity="0" sequenceCoverage="100" branchCoverage="100" crapScore="1" isConstructor="false" isStatic="false" isGetter="false" isSetter="false">
              <Summary numSequencePoints="12" visitedSequencePoints="12" numBranchPoints="1" visitedBranchPoints="1" sequenceCoverage="100" branchCoverage="100" maxCyclomaticComplexity="1" minCyclomaticComplexity="1" maxCrapScore="1" minCrapScore="1" visitedClasses="0" numClasses="0" visitedMethods="1" numMethods="1" />
              <MetadataToken>100663313</MetadataToken>
              <Name>System.Void ce100_hw4_algo_test_cs.UnitTest1::Topological_Sort_Problem_Test_2()</Name>
              <FileRef uid="1" />
              <SequencePoints>
                <SequencePoint vc="1" uspid="169" ordinal="0" offset="0" sl="261" sc="9" el="261" ec="10" bec="0" bev="0" fileid="1" />
                <SequencePoint vc="1" uspid="170" ordinal="1" offset="1" sl="262" sc="13" el="262" ec="48" bec="0" bev="0" fileid="1" />
                <SequencePoint vc="1" uspid="171" ordinal="2" offset="8" sl="263" sc="13" el="263" ec="52" bec="0" bev="0" fileid="1" />
                <SequencePoint vc="1" uspid="172" ordinal="3" offset="16" sl="264" sc="13" el="264" ec="52" bec="0" bev="0" fileid="1" />
                <SequencePoint vc="1" uspid="173" ordinal="4" offset="24" sl="265" sc="13" el="265" ec="52" bec="0" bev="0" fileid="1" />
                <SequencePoint vc="1" uspid="174" ordinal="5" offset="32" sl="266" sc="13" el="266" ec="52" bec="0" bev="0" fileid="1" />
                <SequencePoint vc="1" uspid="175" ordinal="6" offset="40" sl="267" sc="13" el="267" ec="52" bec="0" bev="0" fileid="1" />
                <SequencePoint vc="1" uspid="176" ordinal="7" offset="48" sl="268" sc="13" el="268" ec="52" bec="0" bev="0" fileid="1" />
                <SequencePoint vc="1" uspid="177" ordinal="8" offset="56" sl="271" sc="13" el="271" ec="69" bec="0" bev="0" fileid="1" />
                <SequencePoint vc="1" uspid="178" ordinal="9" offset="62" sl="272" sc="13" el="272" ec="45" bec="0" bev="0" fileid="1" />
                <SequencePoint vc="1" uspid="179" ordinal="10" offset="68" sl="273" sc="13" el="273" ec="39" bec="0" bev="0" fileid="1" />
                <SequencePoint vc="1" uspid="180" ordinal="11" offset="76" sl="274" sc="9" el="274" ec="10" bec="0" bev="0" fileid="1" />
              </SequencePoints>
              <BranchPoints />
              <MethodPoint xsi:type="SequencePoint" vc="1" uspid="169" ordinal="0" offset="0" sl="261" sc="9" el="261" ec="10" bec="0" bev="0" fileid="1" />
            </Method>
            <Method visited="true" cyclomaticComplexity="1" nPathComplexity="0" sequenceCoverage="100" branchCoverage="100" crapScore="1" isConstructor="false" isStatic="false" isGetter="false" isSetter="false">
              <Summary numSequencePoints="12" visitedSequencePoints="12" numBranchPoints="1" visitedBranchPoints="1" sequenceCoverage="100" branchCoverage="100" maxCyclomaticComplexity="1" minCyclomaticComplexity="1" maxCrapScore="1" minCrapScore="1" visitedClasses="0" numClasses="0" visitedMethods="1" numMethods="1" />
              <MetadataToken>100663314</MetadataToken>
              <Name>System.Void ce100_hw4_algo_test_cs.UnitTest1::Topological_Sort_Problem_Test_3()</Name>
              <FileRef uid="1" />
              <SequencePoints>
                <SequencePoint vc="1" uspid="181" ordinal="0" offset="0" sl="278" sc="9" el="278" ec="10" bec="0" bev="0" fileid="1" />
                <SequencePoint vc="1" uspid="182" ordinal="1" offset="1" sl="279" sc="13" el="279" ec="48" bec="0" bev="0" fileid="1" />
                <SequencePoint vc="1" uspid="183" ordinal="2" offset="8" sl="280" sc="13" el="280" ec="52" bec="0" bev="0" fileid="1" />
                <SequencePoint vc="1" uspid="184" ordinal="3" offset="16" sl="281" sc="13" el="281" ec="52" bec="0" bev="0" fileid="1" />
                <SequencePoint vc="1" uspid="185" ordinal="4" offset="24" sl="282" sc="13" el="282" ec="52" bec="0" bev="0" fileid="1" />
                <SequencePoint vc="1" uspid="186" ordinal="5" offset="32" sl="283" sc="13" el="283" ec="52" bec="0" bev="0" fileid="1" />
                <SequencePoint vc="1" uspid="187" ordinal="6" offset="40" sl="284" sc="13" el="284" ec="52" bec="0" bev="0" fileid="1" />
                <SequencePoint vc="1" uspid="188" ordinal="7" offset="48" sl="285" sc="13" el="285" ec="52" bec="0" bev="0" fileid="1" />
                <SequencePoint vc="1" uspid="189" ordinal="8" offset="56" sl="288" sc="13" el="288" ec="69" bec="0" bev="0" fileid="1" />
                <SequencePoint vc="1" uspid="190" ordinal="9" offset="62" sl="289" sc="13" el="289" ec="45" bec="0" bev="0" fileid="1" />
                <SequencePoint vc="1" uspid="191" ordinal="10" offset="68" sl="290" sc="13" el="290" ec="39" bec="0" bev="0" fileid="1" />
                <SequencePoint vc="1" uspid="192" ordinal="11" offset="76" sl="291" sc="9" el="291" ec="10" bec="0" bev="0" fileid="1" />
              </SequencePoints>
              <BranchPoints />
              <MethodPoint xsi:type="SequencePoint" vc="1" uspid="181" ordinal="0" offset="0" sl="278" sc="9" el="278" ec="10" bec="0" bev="0" fileid="1" />
            </Method>
            <Method visited="true" cyclomaticComplexity="1" nPathComplexity="0" sequenceCoverage="100" branchCoverage="100" crapScore="1" isConstructor="false" isStatic="false" isGetter="false" isSetter="false">
              <Summary numSequencePoints="11" visitedSequencePoints="11" numBranchPoints="1" visitedBranchPoints="1" sequenceCoverage="100" branchCoverage="100" maxCyclomaticComplexity="1" minCyclomaticComplexity="1" maxCrapScore="1" minCrapScore="1" visitedClasses="0" numClasses="0" visitedMethods="1" numMethods="1" />
              <MetadataToken>100663315</MetadataToken>
              <Name>System.Void ce100_hw4_algo_test_cs.UnitTest1::SCCProblemtest()</Name>
              <FileRef uid="1" />
              <SequencePoints>
                <SequencePoint vc="1" uspid="193" ordinal="0" offset="0" sl="295" sc="9" el="295" ec="10" bec="0" bev="0" fileid="1" />
                <SequencePoint vc="1" uspid="194" ordinal="1" offset="1" sl="296" sc="13" el="296" ec="48" bec="0" bev="0" fileid="1" />
                <SequencePoint vc="1" uspid="195" ordinal="2" offset="8" sl="297" sc="13" el="297" ec="29" bec="0" bev="0" fileid="1" />
                <SequencePoint vc="1" uspid="196" ordinal="3" offset="17" sl="298" sc="13" el="298" ec="29" bec="0" bev="0" fileid="1" />
                <SequencePoint vc="1" uspid="197" ordinal="4" offset="26" sl="299" sc="13" el="299" ec="34" bec="0" bev="0" fileid="1" />
                <SequencePoint vc="1" uspid="198" ordinal="5" offset="33" sl="300" sc="13" el="300" ec="49" bec="0" bev="0" fileid="1" />
                <SequencePoint vc="1" uspid="199" ordinal="6" offset="40" sl="301" sc="13" el="301" ec="30" bec="0" bev="0" fileid="1" />
                <SequencePoint vc="1" uspid="200" ordinal="7" offset="49" sl="302" sc="13" el="302" ec="30" bec="0" bev="0" fileid="1" />
                <SequencePoint vc="1" uspid="201" ordinal="8" offset="58" sl="303" sc="13" el="303" ec="37" bec="0" bev="0" fileid="1" />
                <SequencePoint vc="1" uspid="202" ordinal="9" offset="65" sl="304" sc="13" el="304" ec="47" bec="0" bev="0" fileid="1" />
                <SequencePoint vc="1" uspid="203" ordinal="10" offset="73" sl="305" sc="9" el="305" ec="10" bec="0" bev="0" fileid="1" />
              </SequencePoints>
              <BranchPoints />
              <MethodPoint xsi:type="SequencePoint" vc="1" uspid="193" ordinal="0" offset="0" sl="295" sc="9" el="295" ec="10" bec="0" bev="0" fileid="1" />
            </Method>
            <Method visited="true" cyclomaticComplexity="1" nPathComplexity="0" sequenceCoverage="100" branchCoverage="100" crapScore="1" isConstructor="false" isStatic="false" isGetter="false" isSetter="false">
              <Summary numSequencePoints="13" visitedSequencePoints="13" numBranchPoints="1" visitedBranchPoints="1" sequenceCoverage="100" branchCoverage="100" maxCyclomaticComplexity="1" minCyclomaticComplexity="1" maxCrapScore="1" minCrapScore="1" visitedClasses="0" numClasses="0" visitedMethods="1" numMethods="1" />
              <MetadataToken>100663316</MetadataToken>
              <Name>System.Void ce100_hw4_algo_test_cs.UnitTest1::SCC_test_2()</Name>
              <FileRef uid="1" />
              <SequencePoints>
                <SequencePoint vc="1" uspid="204" ordinal="0" offset="0" sl="309" sc="9" el="309" ec="10" bec="0" bev="0" fileid="1" />
                <SequencePoint vc="1" uspid="205" ordinal="1" offset="1" sl="310" sc="13" el="310" ec="48" bec="0" bev="0" fileid="1" />
                <SequencePoint vc="1" uspid="206" ordinal="2" offset="8" sl="311" sc="13" el="311" ec="29" bec="0" bev="0" fileid="1" />
                <SequencePoint vc="1" uspid="207" ordinal="3" offset="17" sl="312" sc="13" el="312" ec="29" bec="0" bev="0" fileid="1" />
                <SequencePoint vc="1" uspid="208" ordinal="4" offset="26" sl="313" sc="13" el="313" ec="29" bec="0" bev="0" fileid="1" />
                <SequencePoint vc="1" uspid="209" ordinal="5" offset="35" sl="314" sc="13" el="314" ec="34" bec="0" bev="0" fileid="1" />
                <SequencePoint vc="1" uspid="210" ordinal="6" offset="42" sl="315" sc="13" el="315" ec="49" bec="0" bev="0" fileid="1" />
                <SequencePoint vc="1" uspid="211" ordinal="7" offset="49" sl="316" sc="13" el="316" ec="30" bec="0" bev="0" fileid="1" />
                <SequencePoint vc="1" uspid="212" ordinal="8" offset="58" sl="317" sc="13" el="317" ec="30" bec="0" bev="0" fileid="1" />
                <SequencePoint vc="1" uspid="213" ordinal="9" offset="67" sl="318" sc="13" el="318" ec="30" bec="0" bev="0" fileid="1" />
                <SequencePoint vc="1" uspid="214" ordinal="10" offset="76" sl="319" sc="13" el="319" ec="37" bec="0" bev="0" fileid="1" />
                <SequencePoint vc="1" uspid="215" ordinal="11" offset="83" sl="320" sc="13" el="320" ec="47" bec="0" bev="0" fileid="1" />
                <SequencePoint vc="1" uspid="216" ordinal="12" offset="91" sl="321" sc="9" el="321" ec="10" bec="0" bev="0" fileid="1" />
              </SequencePoints>
              <BranchPoints />
              <MethodPoint xsi:type="SequencePoint" vc="1" uspid="204" ordinal="0" offset="0" sl="309" sc="9" el="309" ec="10" bec="0" bev="0" fileid="1" />
            </Method>
            <Method visited="true" cyclomaticComplexity="1" nPathComplexity="0" sequenceCoverage="100" branchCoverage="100" crapScore="1" isConstructor="false" isStatic="false" isGetter="false" isSetter="false">
              <Summary numSequencePoints="15" visitedSequencePoints="15" numBranchPoints="1" visitedBranchPoints="1" sequenceCoverage="100" branchCoverage="100" maxCyclomaticComplexity="1" minCyclomaticComplexity="1" maxCrapScore="1" minCrapScore="1" visitedClasses="0" numClasses="0" visitedMethods="1" numMethods="1" />
              <MetadataToken>100663317</MetadataToken>
              <Name>System.Void ce100_hw4_algo_test_cs.UnitTest1::SCC_test_3()</Name>
              <FileRef uid="1" />
              <SequencePoints>
                <SequencePoint vc="1" uspid="217" ordinal="0" offset="0" sl="325" sc="9" el="325" ec="10" bec="0" bev="0" fileid="1" />
                <SequencePoint vc="1" uspid="218" ordinal="1" offset="1" sl="326" sc="13" el="326" ec="48" bec="0" bev="0" fileid="1" />
                <SequencePoint vc="1" uspid="219" ordinal="2" offset="8" sl="327" sc="13" el="327" ec="29" bec="0" bev="0" fileid="1" />
                <SequencePoint vc="1" uspid="220" ordinal="3" offset="17" sl="328" sc="13" el="328" ec="29" bec="0" bev="0" fileid="1" />
                <SequencePoint vc="1" uspid="221" ordinal="4" offset="26" sl="329" sc="13" el="329" ec="29" bec="0" bev="0" fileid="1" />
                <SequencePoint vc="1" uspid="222" ordinal="5" offset="35" sl="330" sc="13" el="330" ec="29" bec="0" bev="0" fileid="1" />
                <SequencePoint vc="1" uspid="223" ordinal="6" offset="44" sl="331" sc="13" el="331" ec="34" bec="0" bev="0" fileid="1" />
                <SequencePoint vc="1" uspid="224" ordinal="7" offset="51" sl="332" sc="13" el="332" ec="49" bec="0" bev="0" fileid="1" />
                <SequencePoint vc="1" uspid="225" ordinal="8" offset="58" sl="333" sc="13" el="333" ec="30" bec="0" bev="0" fileid="1" />
                <SequencePoint vc="1" uspid="226" ordinal="9" offset="67" sl="334" sc="13" el="334" ec="30" bec="0" bev="0" fileid="1" />
                <SequencePoint vc="1" uspid="227" ordinal="10" offset="76" sl="335" sc="13" el="335" ec="30" bec="0" bev="0" fileid="1" />
                <SequencePoint vc="1" uspid="228" ordinal="11" offset="85" sl="336" sc="13" el="336" ec="30" bec="0" bev="0" fileid="1" />
                <SequencePoint vc="1" uspid="229" ordinal="12" offset="94" sl="337" sc="13" el="337" ec="37" bec="0" bev="0" fileid="1" />
                <SequencePoint vc="1" uspid="230" ordinal="13" offset="101" sl="338" sc="13" el="338" ec="47" bec="0" bev="0" fileid="1" />
                <SequencePoint vc="1" uspid="231" ordinal="14" offset="109" sl="339" sc="9" el="339" ec="10" bec="0" bev="0" fileid="1" />
              </SequencePoints>
              <BranchPoints />
              <MethodPoint xsi:type="SequencePoint" vc="1" uspid="217" ordinal="0" offset="0" sl="325" sc="9" el="325" ec="10" bec="0" bev="0" fileid="1" />
            </Method>
            <Method visited="false" cyclomaticComplexity="1" nPathComplexity="0" sequenceCoverage="0" branchCoverage="0" crapScore="2" isConstructor="true" isStatic="false" isGetter="false" isSetter="false">
              <Summary numSequencePoints="0" visitedSequencePoints="0" numBranchPoints="0" visitedBranchPoints="0" sequenceCoverage="0" branchCoverage="0" maxCyclomaticComplexity="1" minCyclomaticComplexity="1" maxCrapScore="2" minCrapScore="2" visitedClasses="0" numClasses="0" visitedMethods="0" numMethods="0" />
              <MetadataToken>100663318</MetadataToken>
              <Name>System.Void ce100_hw4_algo_test_cs.UnitTest1::.ctor()</Name>
              <SequencePoints />
              <BranchPoints />
              <MethodPoint vc="0" uspid="232" ordinal="0" offset="0" />
            </Method>
          </Methods>
        </Class>
      </Classes>
    </Module>
    <Module hash="64-D2-E8-3A-E1-38-13-37-BB-77-AE-86-67-12-73-E6-45-CF-2B-86">
      <Summary numSequencePoints="245" visitedSequencePoints="245" numBranchPoints="86" visitedBranchPoints="85" sequenceCoverage="100" branchCoverage="98.84" maxCyclomaticComplexity="9" minCyclomaticComplexity="1" maxCrapScore="9" minCrapScore="1" visitedClasses="6" numClasses="6" visitedMethods="18" numMethods="18" />
      <ModulePath>C:\Users\Ömer Faruk Varlı\source\repos\ce100-hw4-algo-lib-cs\ce100-hw4-algo-test-cs\bin\Debug\fine-code-coverage\build-output\ce100-hw4-algo-lib-cs.dll</ModulePath>
      <ModuleTime>2022-05-16T18:48:26.2187625Z</ModuleTime>
      <ModuleName>ce100-hw4-algo-lib-cs</ModuleName>
      <Files>
        <File uid="3" fullPath="C:\Users\Ömer Faruk Varlı\source\repos\ce100-hw4-algo-lib-cs\ce100-hw4-algo-lib-cs\Class1.cs" />
      </Files>
      <Classes>
        <Class>
          <Summary numSequencePoints="13" visitedSequencePoints="13" numBranchPoints="5" visitedBranchPoints="5" sequenceCoverage="100" branchCoverage="100" maxCyclomaticComplexity="3" minCyclomaticComplexity="1" maxCrapScore="3" minCrapScore="2" visitedClasses="1" numClasses="1" visitedMethods="1" numMethods="1" />
          <FullName>ce100_hw4_algo_lib_cs.Activity_Selection</FullName>
          <Methods>
            <Method visited="true" cyclomaticComplexity="3" nPathComplexity="4" sequenceCoverage="100" branchCoverage="100" crapScore="3" isConstructor="false" isStatic="true" isGetter="false" isSetter="false">
              <Summary numSequencePoints="13" visitedSequencePoints="13" numBranchPoints="5" visitedBranchPoints="5" sequenceCoverage="100" branchCoverage="100" maxCyclomaticComplexity="3" minCyclomaticComplexity="3" maxCrapScore="3" minCrapScore="3" visitedClasses="0" numClasses="0" visitedMethods="1" numMethods="1" />
              <MetadataToken>100663297</MetadataToken>
              <Name>System.Int32 ce100_hw4_algo_lib_cs.Activity_Selection::printMaxActivities(System.Int32[],System.Int32[],System.Int32)</Name>
              <FileRef uid="3" />
              <SequencePoints>
                <SequencePoint vc="3" uspid="233" ordinal="0" offset="0" sl="32" sc="9" el="32" ec="10" bec="0" bev="0" fileid="3" />
                <SequencePoint vc="3" uspid="234" ordinal="1" offset="1" sl="37" sc="13" el="37" ec="19" bec="0" bev="0" fileid="3" />
                <SequencePoint vc="3" uspid="235" ordinal="2" offset="3" sl="40" sc="18" el="40" ec="23" bec="0" bev="0" fileid="3" />
                <SequencePoint vc="15" uspid="236" ordinal="3" offset="7" sl="41" sc="13" el="41" ec="14" bec="0" bev="0" fileid="3" />
                <SequencePoint vc="15" uspid="237" ordinal="4" offset="8" sl="45" sc="17" el="45" ec="34" bec="2" bev="2" fileid="3" />
                <SequencePoint vc="5" uspid="238" ordinal="5" offset="23" sl="46" sc="17" el="46" ec="18" bec="0" bev="0" fileid="3" />
                <SequencePoint vc="5" uspid="239" ordinal="6" offset="24" sl="47" sc="21" el="47" ec="27" bec="0" bev="0" fileid="3" />
                <SequencePoint vc="5" uspid="240" ordinal="7" offset="26" sl="48" sc="17" el="48" ec="18" bec="0" bev="0" fileid="3" />
                <SequencePoint vc="15" uspid="241" ordinal="8" offset="27" sl="49" sc="13" el="49" ec="14" bec="0" bev="0" fileid="3" />
                <SequencePoint vc="15" uspid="242" ordinal="9" offset="28" sl="40" sc="32" el="40" ec="35" bec="0" bev="0" fileid="3" />
                <SequencePoint vc="18" uspid="243" ordinal="10" offset="32" sl="40" sc="25" el="40" ec="30" bec="2" bev="2" fileid="3" />
                <SequencePoint vc="3" uspid="244" ordinal="11" offset="40" sl="51" sc="13" el="51" ec="22" bec="0" bev="0" fileid="3" />
                <SequencePoint vc="3" uspid="245" ordinal="12" offset="45" sl="52" sc="9" el="52" ec="10" bec="0" bev="0" fileid="3" />
              </SequencePoints>
              <BranchPoints>
                <BranchPoint vc="5" uspid="246" ordinal="0" offset="21" sl="45" path="0" offsetend="23" fileid="3" />
                <BranchPoint vc="10" uspid="247" ordinal="1" offset="21" sl="45" path="1" offsetend="27" fileid="3" />
                <BranchPoint vc="3" uspid="248" ordinal="2" offset="38" sl="40" path="0" offsetend="40" fileid="3" />
                <BranchPoint vc="15" uspid="249" ordinal="3" offset="38" sl="40" path="1" offsetend="7" fileid="3" />
              </BranchPoints>
              <MethodPoint xsi:type="SequencePoint" vc="3" uspid="233" ordinal="0" offset="0" sl="32" sc="9" el="32" ec="10" bec="0" bev="0" fileid="3" />
            </Method>
            <Method visited="false" cyclomaticComplexity="1" nPathComplexity="0" sequenceCoverage="0" branchCoverage="0" crapScore="2" isConstructor="true" isStatic="false" isGetter="false" isSetter="false">
              <Summary numSequencePoints="0" visitedSequencePoints="0" numBranchPoints="0" visitedBranchPoints="0" sequenceCoverage="0" branchCoverage="0" maxCyclomaticComplexity="1" minCyclomaticComplexity="1" maxCrapScore="2" minCrapScore="2" visitedClasses="0" numClasses="0" visitedMethods="0" numMethods="0" />
              <MetadataToken>100663298</MetadataToken>
              <Name>System.Void ce100_hw4_algo_lib_cs.Activity_Selection::.ctor()</Name>
              <SequencePoints />
              <BranchPoints />
              <MethodPoint vc="0" uspid="250" ordinal="0" offset="0" />
            </Method>
          </Methods>
        </Class>
        <Class>
          <Summary numSequencePoints="42" visitedSequencePoints="42" numBranchPoints="27" visitedBranchPoints="27" sequenceCoverage="100" branchCoverage="100" maxCyclomaticComplexity="9" minCyclomaticComplexity="1" maxCrapScore="9" minCrapScore="2" visitedClasses="1" numClasses="1" visitedMethods="3" numMethods="3" />
          <FullName>ce100_hw4_algo_lib_cs.Knapsack_Problem</FullName>
          <Methods>
            <Method visited="true" cyclomaticComplexity="3" nPathComplexity="2" sequenceCoverage="100" branchCoverage="100" crapScore="3" isConstructor="false" isStatic="true" isGetter="false" isSetter="false">
              <Summary numSequencePoints="3" visitedSequencePoints="3" numBranchPoints="3" visitedBranchPoints="3" sequenceCoverage="100" branchCoverage="100" maxCyclomaticComplexity="3" minCyclomaticComplexity="3" maxCrapScore="3" minCrapScore="3" visitedClasses="0" numClasses="0" visitedMethods="1" numMethods="1" />
              <MetadataToken>100663299</MetadataToken>
              <Name>System.Int32 ce100_hw4_algo_lib_cs.Knapsack_Problem::max(System.Int32,System.Int32)</Name>
              <FileRef uid="3" />
              <SequencePoints>
                <SequencePoint vc="35" uspid="251" ordinal="0" offset="0" sl="61" sc="9" el="61" ec="10" bec="0" bev="0" fileid="3" />
                <SequencePoint vc="35" uspid="252" ordinal="1" offset="1" sl="62" sc="13" el="62" ec="36" bec="2" bev="2" fileid="3" />
                <SequencePoint vc="35" uspid="253" ordinal="2" offset="12" sl="63" sc="9" el="63" ec="10" bec="0" bev="0" fileid="3" />
              </SequencePoints>
              <BranchPoints>
                <BranchPoint vc="3" uspid="254" ordinal="0" offset="3" sl="62" path="0" offsetend="5" fileid="3" />
                <BranchPoint vc="32" uspid="255" ordinal="1" offset="3" sl="62" path="1" offsetend="8" fileid="3" />
              </BranchPoints>
              <MethodPoint xsi:type="SequencePoint" vc="35" uspid="251" ordinal="0" offset="0" sl="61" sc="9" el="61" ec="10" bec="0" bev="0" fileid="3" />
            </Method>
            <Method visited="true" cyclomaticComplexity="4" nPathComplexity="8" sequenceCoverage="100" branchCoverage="100" crapScore="4" isConstructor="false" isStatic="true" isGetter="false" isSetter="false">
              <Summary numSequencePoints="7" visitedSequencePoints="7" numBranchPoints="7" visitedBranchPoints="7" sequenceCoverage="100" branchCoverage="100" maxCyclomaticComplexity="4" minCyclomaticComplexity="4" maxCrapScore="4" minCrapScore="4" visitedClasses="0" numClasses="0" visitedMethods="1" numMethods="1" />
              <MetadataToken>100663300</MetadataToken>
              <Name>System.Int32 ce100_hw4_algo_lib_cs.Knapsack_Problem::knapSack(System.Int32,System.Int32[],System.Int32[],System.Int32)</Name>
              <FileRef uid="3" />
              <SequencePoints>
                <SequencePoint vc="77" uspid="256" ordinal="0" offset="0" sl="87" sc="9" el="87" ec="10" bec="0" bev="0" fileid="3" />
                <SequencePoint vc="77" uspid="257" ordinal="1" offset="1" sl="90" sc="13" el="90" ec="34" bec="4" bev="4" fileid="3" />
                <SequencePoint vc="38" uspid="258" ordinal="2" offset="15" sl="91" sc="17" el="91" ec="26" bec="0" bev="0" fileid="3" />
                <SequencePoint vc="39" uspid="259" ordinal="3" offset="19" sl="97" sc="13" el="97" ec="31" bec="2" bev="2" fileid="3" />
                <SequencePoint vc="4" uspid="260" ordinal="4" offset="31" sl="98" sc="17" el="99" ec="45" bec="0" bev="0" fileid="3" />
                <SequencePoint vc="35" uspid="261" ordinal="5" offset="45" sl="105" sc="17" el="108" ec="57" bec="0" bev="0" fileid="3" />
                <SequencePoint vc="77" uspid="262" ordinal="6" offset="87" sl="109" sc="9" el="109" ec="10" bec="0" bev="0" fileid="3" />
              </SequencePoints>
              <BranchPoints>
                <BranchPoint vc="41" uspid="263" ordinal="0" offset="2" sl="90" path="0" offsetend="4" fileid="3" />
                <BranchPoint vc="36" uspid="264" ordinal="1" offset="2" sl="90" path="1" offsetend="10" fileid="3" />
                <BranchPoint vc="38" uspid="265" ordinal="2" offset="13" sl="90" path="0" offsetend="15" fileid="3" />
                <BranchPoint vc="39" uspid="266" ordinal="3" offset="13" sl="90" path="1" offsetend="19" fileid="3" />
                <BranchPoint vc="4" uspid="267" ordinal="4" offset="29" sl="97" path="0" offsetend="31" fileid="3" />
                <BranchPoint vc="35" uspid="268" ordinal="5" offset="29" sl="97" path="1" offsetend="45" fileid="3" />
              </BranchPoints>
              <MethodPoint xsi:type="SequencePoint" vc="77" uspid="256" ordinal="0" offset="0" sl="87" sc="9" el="87" ec="10" bec="0" bev="0" fileid="3" />
            </Method>
            <Method visited="true" cyclomaticComplexity="9" nPathComplexity="256" sequenceCoverage="100" branchCoverage="100" crapScore="9" isConstructor="false" isStatic="true" isGetter="false" isSetter="false">
              <Summary numSequencePoints="32" visitedSequencePoints="32" numBranchPoints="17" visitedBranchPoints="17" sequenceCoverage="100" branchCoverage="100" maxCyclomaticComplexity="9" minCyclomaticComplexity="9" maxCrapScore="9" minCrapScore="9" visitedClasses="0" numClasses="0" visitedMethods="1" numMethods="1" />
              <MetadataToken>100663301</MetadataToken>
              <Name>System.Int32 ce100_hw4_algo_lib_cs.Knapsack_Problem::printknapSack(System.Int32,System.Int32[],System.Int32[],System.Int32)</Name>
              <FileRef uid="3" />
              <SequencePoints>
                <SequencePoint vc="3" uspid="269" ordinal="0" offset="0" sl="134" sc="9" el="134" ec="10" bec="0" bev="0" fileid="3" />
                <SequencePoint vc="3" uspid="270" ordinal="1" offset="1" sl="136" sc="13" el="136" ec="46" bec="0" bev="0" fileid="3" />
                <SequencePoint vc="3" uspid="271" ordinal="2" offset="13" sl="139" sc="18" el="139" ec="23" bec="0" bev="0" fileid="3" />
                <SequencePoint vc="15" uspid="272" ordinal="3" offset="20" sl="140" sc="13" el="140" ec="14" bec="0" bev="0" fileid="3" />
                <SequencePoint vc="15" uspid="273" ordinal="4" offset="21" sl="141" sc="22" el="141" ec="27" bec="0" bev="0" fileid="3" />
                <SequencePoint vc="62315" uspid="274" ordinal="5" offset="25" sl="142" sc="17" el="142" ec="18" bec="0" bev="0" fileid="3" />
                <SequencePoint vc="62315" uspid="275" ordinal="6" offset="26" sl="143" sc="21" el="143" ec="42" bec="4" bev="4" fileid="3" />
                <SequencePoint vc="13315" uspid="276" ordinal="7" offset="42" sl="144" sc="25" el="144" ec="37" bec="0" bev="0" fileid="3" />
                <SequencePoint vc="49000" uspid="277" ordinal="8" offset="53" sl="145" sc="26" el="145" ec="45" bec="2" bev="2" fileid="3" />
                <SequencePoint vc="30712" uspid="278" ordinal="9" offset="70" sl="146" sc="25" el="147" ec="71" bec="0" bev="0" fileid="3" />
                <SequencePoint vc="18288" uspid="279" ordinal="10" offset="117" sl="149" sc="25" el="149" ec="47" bec="0" bev="0" fileid="3" />
                <SequencePoint vc="62315" uspid="280" ordinal="11" offset="135" sl="150" sc="17" el="150" ec="18" bec="0" bev="0" fileid="3" />
                <SequencePoint vc="62315" uspid="281" ordinal="12" offset="136" sl="141" sc="37" el="141" ec="40" bec="0" bev="0" fileid="3" />
                <SequencePoint vc="62330" uspid="282" ordinal="13" offset="140" sl="141" sc="29" el="141" ec="35" bec="2" bev="2" fileid="3" />
                <SequencePoint vc="15" uspid="283" ordinal="14" offset="153" sl="151" sc="13" el="151" ec="14" bec="0" bev="0" fileid="3" />
                <SequencePoint vc="15" uspid="284" ordinal="15" offset="154" sl="139" sc="33" el="139" ec="36" bec="0" bev="0" fileid="3" />
                <SequencePoint vc="18" uspid="285" ordinal="16" offset="158" sl="139" sc="25" el="139" ec="31" bec="2" bev="2" fileid="3" />
                <SequencePoint vc="3" uspid="286" ordinal="17" offset="174" sl="154" sc="13" el="154" ec="31" bec="0" bev="0" fileid="3" />
                <SequencePoint vc="3" uspid="287" ordinal="18" offset="183" sl="156" sc="13" el="156" ec="19" bec="0" bev="0" fileid="3" />
                <SequencePoint vc="3" uspid="288" ordinal="19" offset="185" sl="157" sc="18" el="157" ec="23" bec="0" bev="0" fileid="3" />
                <SequencePoint vc="11" uspid="289" ordinal="20" offset="189" sl="158" sc="13" el="158" ec="14" bec="0" bev="0" fileid="3" />
                <SequencePoint vc="11" uspid="290" ordinal="21" offset="190" sl="165" sc="17" el="165" ec="40" bec="2" bev="2" fileid="3" />
                <SequencePoint vc="3" uspid="291" ordinal="22" offset="209" sl="166" sc="21" el="166" ec="30" bec="0" bev="0" fileid="3" />
                <SequencePoint vc="8" uspid="292" ordinal="23" offset="211" sl="168" sc="17" el="168" ec="18" bec="0" bev="0" fileid="3" />
                <SequencePoint vc="8" uspid="293" ordinal="24" offset="212" sl="171" sc="21" el="171" ec="44" bec="0" bev="0" fileid="3" />
                <SequencePoint vc="8" uspid="294" ordinal="25" offset="220" sl="172" sc="21" el="172" ec="39" bec="0" bev="0" fileid="3" />
                <SequencePoint vc="8" uspid="295" ordinal="26" offset="228" sl="173" sc="17" el="173" ec="18" bec="0" bev="0" fileid="3" />
                <SequencePoint vc="8" uspid="296" ordinal="27" offset="229" sl="174" sc="13" el="174" ec="14" bec="0" bev="0" fileid="3" />
                <SequencePoint vc="11" uspid="297" ordinal="28" offset="230" sl="157" sc="43" el="157" ec="46" bec="0" bev="0" fileid="3" />
                <SequencePoint vc="14" uspid="298" ordinal="29" offset="234" sl="157" sc="25" el="157" ec="41" bec="4" bev="4" fileid="3" />
                <SequencePoint vc="3" uspid="299" ordinal="30" offset="251" sl="175" sc="13" el="175" ec="24" bec="0" bev="0" fileid="3" />
                <SequencePoint vc="3" uspid="300" ordinal="31" offset="256" sl="176" sc="9" el="176" ec="10" bec="0" bev="0" fileid="3" />
              </SequencePoints>
              <BranchPoints>
                <BranchPoint vc="49012" uspid="301" ordinal="0" offset="27" sl="143" path="0" offsetend="29" fileid="3" />
                <BranchPoint vc="13303" uspid="302" ordinal="1" offset="27" sl="143" path="1" offsetend="35" fileid="3" />
                <BranchPoint vc="13315" uspid="303" ordinal="2" offset="40" sl="143" path="0" offsetend="42" fileid="3" />
                <BranchPoint vc="49000" uspid="304" ordinal="3" offset="40" sl="143" path="1" offsetend="53" fileid="3" />
                <BranchPoint vc="30712" uspid="305" ordinal="4" offset="68" sl="145" path="0" offsetend="70" fileid="3" />
                <BranchPoint vc="18288" uspid="306" ordinal="5" offset="68" sl="145" path="1" offsetend="117" fileid="3" />
                <BranchPoint vc="15" uspid="307" ordinal="6" offset="151" sl="141" path="0" offsetend="153" fileid="3" />
                <BranchPoint vc="62315" uspid="308" ordinal="7" offset="151" sl="141" path="1" offsetend="25" fileid="3" />
                <BranchPoint vc="3" uspid="309" ordinal="8" offset="169" sl="139" path="0" offsetend="174" fileid="3" />
                <BranchPoint vc="15" uspid="310" ordinal="9" offset="169" sl="139" path="1" offsetend="20" fileid="3" />
                <BranchPoint vc="3" uspid="311" ordinal="10" offset="207" sl="165" path="0" offsetchain="209" offsetend="230" fileid="3" />
                <BranchPoint vc="8" uspid="312" ordinal="11" offset="207" sl="165" path="1" offsetend="211" fileid="3" />
                <BranchPoint vc="12" uspid="313" ordinal="12" offset="236" sl="157" path="0" offsetend="238" fileid="3" />
                <BranchPoint vc="2" uspid="314" ordinal="13" offset="236" sl="157" path="1" offsetend="244" fileid="3" />
                <BranchPoint vc="3" uspid="315" ordinal="14" offset="249" sl="157" path="0" offsetend="251" fileid="3" />
                <BranchPoint vc="11" uspid="316" ordinal="15" offset="249" sl="157" path="1" offsetend="189" fileid="3" />
              </BranchPoints>
              <MethodPoint xsi:type="SequencePoint" vc="3" uspid="269" ordinal="0" offset="0" sl="134" sc="9" el="134" ec="10" bec="0" bev="0" fileid="3" />
            </Method>
            <Method visited="false" cyclomaticComplexity="1" nPathComplexity="0" sequenceCoverage="0" branchCoverage="0" crapScore="2" isConstructor="true" isStatic="false" isGetter="false" isSetter="false">
              <Summary numSequencePoints="0" visitedSequencePoints="0" numBranchPoints="0" visitedBranchPoints="0" sequenceCoverage="0" branchCoverage="0" maxCyclomaticComplexity="1" minCyclomaticComplexity="1" maxCrapScore="2" minCrapScore="2" visitedClasses="0" numClasses="0" visitedMethods="0" numMethods="0" />
              <MetadataToken>100663302</MetadataToken>
              <Name>System.Void ce100_hw4_algo_lib_cs.Knapsack_Problem::.ctor()</Name>
              <SequencePoints />
              <BranchPoints />
              <MethodPoint vc="0" uspid="317" ordinal="0" offset="0" />
            </Method>
          </Methods>
        </Class>
        <Class>
          <Summary numSequencePoints="43" visitedSequencePoints="43" numBranchPoints="11" visitedBranchPoints="11" sequenceCoverage="100" branchCoverage="100" maxCyclomaticComplexity="5" minCyclomaticComplexity="1" maxCrapScore="5" minCrapScore="1" visitedClasses="1" numClasses="1" visitedMethods="3" numMethods="3" />
          <FullName>ce100_hw4_algo_lib_cs.BFS_Problem</FullName>
          <Methods>
            <Method visited="true" cyclomaticComplexity="2" nPathComplexity="2" sequenceCoverage="100" branchCoverage="100" crapScore="2" isConstructor="false" isStatic="true" isGetter="false" isSetter="false">
              <Summary numSequencePoints="10" visitedSequencePoints="10" numBranchPoints="3" visitedBranchPoints="3" sequenceCoverage="100" branchCoverage="100" maxCyclomaticComplexity="2" minCyclomaticComplexity="2" maxCrapScore="2" minCrapScore="2" visitedClasses="0" numClasses="0" visitedMethods="1" numMethods="1" />
              <MetadataToken>100663303</MetadataToken>
              <Name>System.Void ce100_hw4_algo_lib_cs.BFS_Problem::Graph(System.Int32)</Name>
              <FileRef uid="3" />
              <SequencePoints>
                <SequencePoint vc="3" uspid="318" ordinal="0" offset="0" sl="189" sc="9" el="189" ec="10" bec="0" bev="0" fileid="3" />
                <SequencePoint vc="3" uspid="319" ordinal="1" offset="1" sl="190" sc="13" el="190" ec="43" bec="0" bev="0" fileid="3" />
                <SequencePoint vc="3" uspid="320" ordinal="2" offset="12" sl="191" sc="18" el="191" ec="27" bec="0" bev="0" fileid="3" />
                <SequencePoint vc="18" uspid="321" ordinal="3" offset="16" sl="192" sc="13" el="192" ec="14" bec="0" bev="0" fileid="3" />
                <SequencePoint vc="18" uspid="322" ordinal="4" offset="17" sl="193" sc="17" el="193" ec="49" bec="0" bev="0" fileid="3" />
                <SequencePoint vc="18" uspid="323" ordinal="5" offset="29" sl="194" sc="13" el="194" ec="14" bec="0" bev="0" fileid="3" />
                <SequencePoint vc="18" uspid="324" ordinal="6" offset="30" sl="191" sc="46" el="191" ec="49" bec="0" bev="0" fileid="3" />
                <SequencePoint vc="21" uspid="325" ordinal="7" offset="34" sl="191" sc="29" el="191" ec="44" bec="2" bev="2" fileid="3" />
                <SequencePoint vc="3" uspid="326" ordinal="8" offset="48" sl="195" sc="13" el="195" ec="20" bec="0" bev="0" fileid="3" />
                <SequencePoint vc="3" uspid="327" ordinal="9" offset="54" sl="196" sc="9" el="196" ec="10" bec="0" bev="0" fileid="3" />
              </SequencePoints>
              <BranchPoints>
                <BranchPoint vc="3" uspid="328" ordinal="0" offset="46" sl="191" path="0" offsetend="48" fileid="3" />
                <BranchPoint vc="18" uspid="329" ordinal="1" offset="46" sl="191" path="1" offsetend="16" fileid="3" />
              </BranchPoints>
              <MethodPoint xsi:type="SequencePoint" vc="3" uspid="318" ordinal="0" offset="0" sl="189" sc="9" el="189" ec="10" bec="0" bev="0" fileid="3" />
            </Method>
            <Method visited="true" cyclomaticComplexity="1" nPathComplexity="0" sequenceCoverage="100" branchCoverage="100" crapScore="1" isConstructor="false" isStatic="true" isGetter="false" isSetter="false">
              <Summary numSequencePoints="3" visitedSequencePoints="3" numBranchPoints="1" visitedBranchPoints="1" sequenceCoverage="100" branchCoverage="100" maxCyclomaticComplexity="1" minCyclomaticComplexity="1" maxCrapScore="1" minCrapScore="1" visitedClasses="0" numClasses="0" visitedMethods="1" numMethods="1" />
              <MetadataToken>100663304</MetadataToken>
              <Name>System.Void ce100_hw4_algo_lib_cs.BFS_Problem::AddEdge(System.Int32,System.Int32)</Name>
              <FileRef uid="3" />
              <SequencePoints>
                <SequencePoint vc="26" uspid="330" ordinal="0" offset="0" sl="200" sc="9" el="200" ec="10" bec="0" bev="0" fileid="3" />
                <SequencePoint vc="26" uspid="331" ordinal="1" offset="1" sl="201" sc="13" el="201" ec="32" bec="0" bev="0" fileid="3" />
                <SequencePoint vc="26" uspid="332" ordinal="2" offset="15" sl="203" sc="9" el="203" ec="10" bec="0" bev="0" fileid="3" />
              </SequencePoints>
              <BranchPoints />
              <MethodPoint xsi:type="SequencePoint" vc="26" uspid="330" ordinal="0" offset="0" sl="200" sc="9" el="200" ec="10" bec="0" bev="0" fileid="3" />
            </Method>
            <Method visited="true" cyclomaticComplexity="5" nPathComplexity="8" sequenceCoverage="100" branchCoverage="100" crapScore="5" isConstructor="false" isStatic="true" isGetter="false" isSetter="false">
              <Summary numSequencePoints="30" visitedSequencePoints="30" numBranchPoints="7" visitedBranchPoints="7" sequenceCoverage="100" branchCoverage="100" maxCyclomaticComplexity="5" minCyclomaticComplexity="5" maxCrapScore="5" minCrapScore="5" visitedClasses="0" numClasses="0" visitedMethods="1" numMethods="1" />
              <MetadataToken>100663305</MetadataToken>
              <Name>System.String ce100_hw4_algo_lib_cs.BFS_Problem::BFS(System.Int32)</Name>
              <FileRef uid="3" />
              <SequencePoints>
                <SequencePoint vc="3" uspid="333" ordinal="0" offset="0" sl="222" sc="9" el="222" ec="10" bec="0" bev="0" fileid="3" />
                <SequencePoint vc="3" uspid="334" ordinal="1" offset="1" sl="223" sc="13" el="223" ec="29" bec="0" bev="0" fileid="3" />
                <SequencePoint vc="3" uspid="335" ordinal="2" offset="7" sl="227" sc="13" el="227" ec="43" bec="0" bev="0" fileid="3" />
                <SequencePoint vc="3" uspid="336" ordinal="3" offset="18" sl="228" sc="18" el="228" ec="27" bec="0" bev="0" fileid="3" />
                <SequencePoint vc="18" uspid="337" ordinal="4" offset="22" sl="229" sc="17" el="229" ec="36" bec="0" bev="0" fileid="3" />
                <SequencePoint vc="18" uspid="338" ordinal="5" offset="26" sl="228" sc="37" el="228" ec="40" bec="0" bev="0" fileid="3" />
                <SequencePoint vc="21" uspid="339" ordinal="6" offset="30" sl="228" sc="29" el="228" ec="35" bec="2" bev="2" fileid="3" />
[...]
                <SequencePoint vc="3" uspid="452" ordinal="2" offset="7" sl="423" sc="13" el="423" ec="39" bec="0" bev="0" fileid="3" />
                <SequencePoint vc="3" uspid="453" ordinal="3" offset="18" sl="424" sc="13" el="424" ec="31" bec="0" bev="0" fileid="3" />
                <SequencePoint vc="3" uspid="454" ordinal="4" offset="24" sl="428" sc="18" el="428" ec="27" bec="0" bev="0" fileid="3" />
                <SequencePoint vc="18" uspid="455" ordinal="5" offset="28" sl="429" sc="13" el="429" ec="14" bec="0" bev="0" fileid="3" />
                <SequencePoint vc="18" uspid="456" ordinal="6" offset="29" sl="430" sc="17" el="430" ec="41" bec="2" bev="2" fileid="3" />
                <SequencePoint vc="15" uspid="457" ordinal="7" offset="41" sl="431" sc="21" el="431" ec="60" bec="0" bev="0" fileid="3" />
                <SequencePoint vc="18" uspid="458" ordinal="8" offset="50" sl="432" sc="13" el="432" ec="14" bec="0" bev="0" fileid="3" />
                <SequencePoint vc="18" uspid="459" ordinal="9" offset="51" sl="428" sc="36" el="428" ec="39" bec="0" bev="0" fileid="3" />
                <SequencePoint vc="21" uspid="460" ordinal="10" offset="55" sl="428" sc="29" el="428" ec="34" bec="2" bev="2" fileid="3" />
                <SequencePoint vc="3" uspid="461" ordinal="11" offset="69" sl="435" sc="13" el="435" ec="20" bec="0" bev="0" fileid="3" />
                <SequencePoint vc="3" uspid="462" ordinal="12" offset="70" sl="435" sc="36" el="435" ec="41" bec="0" bev="0" fileid="3" />
                <SequencePoint vc="18" uspid="463" ordinal="13" offset="80" sl="435" sc="22" el="435" ec="32" bec="0" bev="0" fileid="3" />
                <SequencePoint vc="18" uspid="464" ordinal="14" offset="89" sl="436" sc="13" el="436" ec="14" bec="0" bev="0" fileid="3" />
                <SequencePoint vc="18" uspid="465" ordinal="15" offset="90" sl="437" sc="17" el="437" ec="40" bec="0" bev="0" fileid="3" />
                <SequencePoint vc="18" uspid="466" ordinal="16" offset="109" sl="438" sc="13" el="438" ec="14" bec="0" bev="0" fileid="3" />
                <SequencePoint vc="21" uspid="467" ordinal="17" offset="110" sl="435" sc="33" el="435" ec="35" bec="0" bev="0" fileid="3" />
                <SequencePoint vc="3" uspid="468" ordinal="18" offset="136" sl="440" sc="13" el="440" ec="51" bec="0" bev="0" fileid="3" />
                <SequencePoint vc="3" uspid="469" ordinal="19" offset="154" sl="442" sc="9" el="442" ec="10" bec="0" bev="0" fileid="3" />
              </SequencePoints>
              <BranchPoints>
                <BranchPoint vc="15" uspid="470" ordinal="0" offset="39" sl="430" path="0" offsetend="41" fileid="3" />
                <BranchPoint vc="3" uspid="471" ordinal="1" offset="39" sl="430" path="1" offsetend="50" fileid="3" />
                <BranchPoint vc="3" uspid="472" ordinal="2" offset="67" sl="428" path="0" offsetend="69" fileid="3" />
                <BranchPoint vc="18" uspid="473" ordinal="3" offset="67" sl="428" path="1" offsetend="28" fileid="3" />
              </BranchPoints>
              <MethodPoint xsi:type="SequencePoint" vc="3" uspid="450" ordinal="0" offset="0" sl="419" sc="9" el="419" ec="10" bec="0" bev="0" fileid="3" />
            </Method>
            <Method visited="false" cyclomaticComplexity="1" nPathComplexity="0" sequenceCoverage="0" branchCoverage="0" crapScore="2" isConstructor="true" isStatic="false" isGetter="false" isSetter="false">
              <Summary numSequencePoints="0" visitedSequencePoints="0" numBranchPoints="0" visitedBranchPoints="0" sequenceCoverage="0" branchCoverage="0" maxCyclomaticComplexity="1" minCyclomaticComplexity="1" maxCrapScore="2" minCrapScore="2" visitedClasses="0" numClasses="0" visitedMethods="0" numMethods="0" />
              <MetadataToken>100663315</MetadataToken>
              <Name>System.Void ce100_hw4_algo_lib_cs.Topological_Sort_Problem::.ctor()</Name>
              <SequencePoints />
              <BranchPoints />
              <MethodPoint vc="0" uspid="476" ordinal="0" offset="0" />
            </Method>
          </Methods>
        </Class>
        <Class>
          <Summary numSequencePoints="66" visitedSequencePoints="66" numBranchPoints="20" visitedBranchPoints="19" sequenceCoverage="100" branchCoverage="95" maxCyclomaticComplexity="6" minCyclomaticComplexity="1" maxCrapScore="6" minCrapScore="1" visitedClasses="1" numClasses="1" visitedMethods="4" numMethods="4" />
          <FullName>ce100_hw4_algo_lib_cs.SCC_Problem</FullName>
          <Methods>
            <Method visited="true" cyclomaticComplexity="1" nPathComplexity="0" sequenceCoverage="100" branchCoverage="100" crapScore="1" isConstructor="false" isStatic="false" isGetter="false" isSetter="false">
              <Summary numSequencePoints="3" visitedSequencePoints="3" numBranchPoints="1" visitedBranchPoints="1" sequenceCoverage="100" branchCoverage="100" maxCyclomaticComplexity="1" minCyclomaticComplexity="1" maxCrapScore="1" minCrapScore="1" visitedClasses="0" numClasses="0" visitedMethods="1" numMethods="1" />
              <MetadataToken>100663316</MetadataToken>
              <Name>System.Void ce100_hw4_algo_lib_cs.SCC_Problem::addEdge(System.Int32,System.Int32)</Name>
              <FileRef uid="3" />
              <SequencePoints>
                <SequencePoint vc="18" uspid="477" ordinal="0" offset="0" sl="465" sc="9" el="465" ec="10" bec="0" bev="0" fileid="3" />
                <SequencePoint vc="18" uspid="478" ordinal="1" offset="1" sl="466" sc="13" el="466" ec="31" bec="0" bev="0" fileid="3" />
                <SequencePoint vc="18" uspid="479" ordinal="2" offset="16" sl="467" sc="9" el="467" ec="10" bec="0" bev="0" fileid="3" />
              </SequencePoints>
              <BranchPoints />
              <MethodPoint xsi:type="SequencePoint" vc="18" uspid="477" ordinal="0" offset="0" sl="465" sc="9" el="465" ec="10" bec="0" bev="0" fileid="3" />
            </Method>
            <Method visited="true" cyclomaticComplexity="2" nPathComplexity="2" sequenceCoverage="100" branchCoverage="100" crapScore="2" isConstructor="true" isStatic="false" isGetter="false" isSetter="false">
              <Summary numSequencePoints="11" visitedSequencePoints="11" numBranchPoints="3" visitedBranchPoints="3" sequenceCoverage="100" branchCoverage="100" maxCyclomaticComplexity="2" minCyclomaticComplexity="2" maxCrapScore="2" minCrapScore="2" visitedClasses="0" numClasses="0" visitedMethods="1" numMethods="1" />
              <MetadataToken>100663317</MetadataToken>
              <Name>System.Void ce100_hw4_algo_lib_cs.SCC_Problem::.ctor(System.Int32)</Name>
              <FileRef uid="3" />
              <SequencePoints>
                <SequencePoint vc="6" uspid="480" ordinal="0" offset="0" sl="468" sc="9" el="468" ec="34" bec="0" bev="0" fileid="3" />
                <SequencePoint vc="6" uspid="481" ordinal="1" offset="7" sl="469" sc="9" el="469" ec="10" bec="0" bev="0" fileid="3" />
                <SequencePoint vc="6" uspid="482" ordinal="2" offset="8" sl="470" sc="13" el="470" ec="19" bec="0" bev="0" fileid="3" />
                <SequencePoint vc="6" uspid="483" ordinal="3" offset="15" sl="471" sc="13" el="471" ec="42" bec="0" bev="0" fileid="3" />
                <SequencePoint vc="6" uspid="484" ordinal="4" offset="27" sl="472" sc="18" el="472" ec="27" bec="0" bev="0" fileid="3" />
                <SequencePoint vc="24" uspid="485" ordinal="5" offset="31" sl="473" sc="13" el="473" ec="14" bec="0" bev="0" fileid="3" />
                <SequencePoint vc="24" uspid="486" ordinal="6" offset="32" sl="474" sc="17" el="474" ec="48" bec="0" bev="0" fileid="3" />
                <SequencePoint vc="24" uspid="487" ordinal="7" offset="45" sl="475" sc="13" el="475" ec="14" bec="0" bev="0" fileid="3" />
                <SequencePoint vc="24" uspid="488" ordinal="8" offset="46" sl="472" sc="36" el="472" ec="39" bec="0" bev="0" fileid="3" />
                <SequencePoint vc="30" uspid="489" ordinal="9" offset="50" sl="472" sc="29" el="472" ec="34" bec="2" bev="2" fileid="3" />
                <SequencePoint vc="6" uspid="490" ordinal="10" offset="58" sl="476" sc="9" el="476" ec="10" bec="0" bev="0" fileid="3" />
              </SequencePoints>
              <BranchPoints>
                <BranchPoint vc="6" uspid="491" ordinal="0" offset="56" sl="472" path="0" offsetend="58" fileid="3" />
                <BranchPoint vc="24" uspid="492" ordinal="1" offset="56" sl="472" path="1" offsetend="31" fileid="3" />
              </BranchPoints>
              <MethodPoint xsi:type="SequencePoint" vc="6" uspid="480" ordinal="0" offset="0" sl="468" sc="9" el="468" ec="34" bec="0" bev="0" fileid="3" />
            </Method>
            <Method visited="true" cyclomaticComplexity="6" nPathComplexity="16" sequenceCoverage="100" branchCoverage="88.89" crapScore="6" isConstructor="false" isStatic="false" isGetter="false" isSetter="false">
              <Summary numSequencePoints="29" visitedSequencePoints="29" numBranchPoints="9" visitedBranchPoints="8" sequenceCoverage="100" branchCoverage="88.89" maxCyclomaticComplexity="6" minCyclomaticComplexity="6" maxCrapScore="6" minCrapScore="6" visitedClasses="0" numClasses="0" visitedMethods="1" numMethods="1" />
              <MetadataToken>100663318</MetadataToken>
              <Name>System.Void ce100_hw4_algo_lib_cs.SCC_Problem::SCCUtil(System.Int32,System.Int32[],System.Int32[],System.Boolean[],System.Collections.Generic.Stack`1&lt;System.Int32&gt;)</Name>
              <FileRef uid="3" />
              <SequencePoints>
                <SequencePoint vc="24" uspid="493" ordinal="0" offset="0" sl="478" sc="9" el="478" ec="10" bec="0" bev="0" fileid="3" />
                <SequencePoint vc="24" uspid="494" ordinal="1" offset="1" sl="479" sc="13" el="479" ec="39" bec="0" bev="0" fileid="3" />
                <SequencePoint vc="24" uspid="495" ordinal="2" offset="27" sl="480" sc="13" el="480" ec="27" bec="0" bev="0" fileid="3" />
                <SequencePoint vc="24" uspid="496" ordinal="3" offset="36" sl="481" sc="13" el="481" ec="35" bec="0" bev="0" fileid="3" />
                <SequencePoint vc="24" uspid="497" ordinal="4" offset="41" sl="482" sc="13" el="482" ec="20" bec="0" bev="0" fileid="3" />
                <SequencePoint vc="24" uspid="498" ordinal="5" offset="42" sl="482" sc="31" el="482" ec="37" bec="0" bev="0" fileid="3" />
                <SequencePoint vc="18" uspid="499" ordinal="6" offset="58" sl="482" sc="22" el="482" ec="27" bec="0" bev="0" fileid="3" />
                <SequencePoint vc="18" uspid="500" ordinal="7" offset="66" sl="483" sc="13" el="483" ec="14" bec="0" bev="0" fileid="3" />
                <SequencePoint vc="18" uspid="501" ordinal="8" offset="67" sl="484" sc="17" el="484" ec="35" bec="2" bev="2" fileid="3" />
                <SequencePoint vc="17" uspid="502" ordinal="9" offset="77" sl="485" sc="17" el="485" ec="18" bec="0" bev="0" fileid="3" />
                <SequencePoint vc="17" uspid="503" ordinal="10" offset="78" sl="486" sc="21" el="486" ec="63" bec="0" bev="0" fileid="3" />
                <SequencePoint vc="17" uspid="504" ordinal="11" offset="92" sl="487" sc="21" el="487" ec="55" bec="0" bev="0" fileid="3" />
                <SequencePoint vc="17" uspid="505" ordinal="12" offset="106" sl="488" sc="17" el="488" ec="18" bec="0" bev="0" fileid="3" />
                <SequencePoint vc="1" uspid="506" ordinal="13" offset="109" sl="489" sc="22" el="489" ec="41" bec="2" bev="1" fileid="3" />
                <SequencePoint vc="1" uspid="507" ordinal="14" offset="119" sl="490" sc="17" el="490" ec="18" bec="0" bev="0" fileid="3" />
                <SequencePoint vc="1" uspid="508" ordinal="15" offset="120" sl="491" sc="21" el="491" ec="56" bec="0" bev="0" fileid="3" />
                <SequencePoint vc="1" uspid="509" ordinal="16" offset="134" sl="492" sc="17" el="492" ec="18" bec="0" bev="0" fileid="3" />
                <SequencePoint vc="18" uspid="510" ordinal="17" offset="135" sl="493" sc="13" el="493" ec="14" bec="0" bev="0" fileid="3" />
                <SequencePoint vc="42" uspid="511" ordinal="18" offset="136" sl="482" sc="28" el="482" ec="30" bec="0" bev="0" fileid="3" />
                <SequencePoint vc="24" uspid="512" ordinal="19" offset="162" sl="494" sc="13" el="494" ec="35" bec="2" bev="2" fileid="3" />
                <SequencePoint vc="23" uspid="513" ordinal="20" offset="176" sl="495" sc="13" el="495" ec="14" bec="0" bev="0" fileid="3" />
                <SequencePoint vc="24" uspid="514" ordinal="21" offset="177" sl="498" sc="17" el="498" ec="18" bec="0" bev="0" fileid="3" />
                <SequencePoint vc="24" uspid="515" ordinal="22" offset="178" sl="499" sc="21" el="499" ec="37" bec="0" bev="0" fileid="3" />
                <SequencePoint vc="24" uspid="516" ordinal="23" offset="187" sl="500" sc="21" el="500" ec="48" bec="0" bev="0" fileid="3" />
                <SequencePoint vc="24" uspid="517" ordinal="24" offset="210" sl="501" sc="21" el="501" ec="44" bec="0" bev="0" fileid="3" />
                <SequencePoint vc="24" uspid="518" ordinal="25" offset="216" sl="502" sc="17" el="502" ec="18" bec="0" bev="0" fileid="3" />
                <SequencePoint vc="24" uspid="519" ordinal="26" offset="217" sl="502" sc="19" el="502" ec="34" bec="2" bev="2" fileid="3" />
                <SequencePoint vc="23" uspid="520" ordinal="27" offset="231" sl="503" sc="13" el="503" ec="14" bec="0" bev="0" fileid="3" />
                <SequencePoint vc="24" uspid="521" ordinal="28" offset="232" sl="504" sc="9" el="504" ec="10" bec="0" bev="0" fileid="3" />
              </SequencePoints>
              <BranchPoints>
                <BranchPoint vc="17" uspid="522" ordinal="0" offset="75" sl="484" path="0" offsetend="77" fileid="3" />
                <BranchPoint vc="1" uspid="523" ordinal="1" offset="75" sl="484" path="1" offsetend="109" fileid="3" />
                <BranchPoint vc="1" uspid="524" ordinal="2" offset="117" sl="489" path="0" offsetend="119" fileid="3" />
                <BranchPoint vc="0" uspid="525" ordinal="3" offset="117" sl="489" path="1" offsetend="135" fileid="3" />
                <BranchPoint vc="23" uspid="528" ordinal="6" offset="174" sl="494" path="0" offsetend="176" fileid="3" />
                <BranchPoint vc="1" uspid="529" ordinal="7" offset="174" sl="494" path="1" offsetend="232" fileid="3" />
                <BranchPoint vc="23" uspid="530" ordinal="8" offset="229" sl="502" path="0" offsetend="231" fileid="3" />
                <BranchPoint vc="1" uspid="531" ordinal="9" offset="229" sl="502" path="1" offsetend="177" fileid="3" />
              </BranchPoints>
              <MethodPoint xsi:type="SequencePoint" vc="24" uspid="493" ordinal="0" offset="0" sl="478" sc="9" el="478" ec="10" bec="0" bev="0" fileid="3" />
            </Method>
            <Method visited="true" cyclomaticComplexity="4" nPathComplexity="8" sequenceCoverage="100" branchCoverage="100" crapScore="4" isConstructor="false" isStatic="false" isGetter="false" isSetter="false">
              <Summary numSequencePoints="23" visitedSequencePoints="23" numBranchPoints="7" visitedBranchPoints="7" sequenceCoverage="100" branchCoverage="100" maxCyclomaticComplexity="4" minCyclomaticComplexity="4" maxCrapScore="4" minCrapScore="4" visitedClasses="0" numClasses="0" visitedMethods="1" numMethods="1" />
              <MetadataToken>100663319</MetadataToken>
              <Name>System.Int32 ce100_hw4_algo_lib_cs.SCC_Problem::SCC()</Name>
              <FileRef uid="3" />
              <SequencePoints>
                <SequencePoint vc="6" uspid="532" ordinal="0" offset="0" sl="506" sc="9" el="506" ec="10" bec="0" bev="0" fileid="3" />
                <SequencePoint vc="6" uspid="533" ordinal="1" offset="1" sl="507" sc="13" el="507" ec="36" bec="0" bev="0" fileid="3" />
                <SequencePoint vc="6" uspid="534" ordinal="2" offset="13" sl="508" sc="13" el="508" ec="37" bec="0" bev="0" fileid="3" />
                <SequencePoint vc="6" uspid="535" ordinal="3" offset="25" sl="509" sc="13" el="509" ec="46" bec="0" bev="0" fileid="3" />
                <SequencePoint vc="6" uspid="536" ordinal="4" offset="37" sl="510" sc="13" el="510" ec="49" bec="0" bev="0" fileid="3" />
                <SequencePoint vc="6" uspid="537" ordinal="5" offset="43" sl="511" sc="18" el="511" ec="27" bec="0" bev="0" fileid="3" />
                <SequencePoint vc="24" uspid="538" ordinal="6" offset="48" sl="512" sc="13" el="512" ec="14" bec="0" bev="0" fileid="3" />
                <SequencePoint vc="24" uspid="539" ordinal="7" offset="49" sl="513" sc="17" el="513" ec="30" bec="0" bev="0" fileid="3" />
                <SequencePoint vc="24" uspid="540" ordinal="8" offset="54" sl="514" sc="17" el="514" ec="29" bec="0" bev="0" fileid="3" />
                <SequencePoint vc="24" uspid="541" ordinal="9" offset="59" sl="515" sc="13" el="515" ec="14" bec="0" bev="0" fileid="3" />
                <SequencePoint vc="24" uspid="542" ordinal="10" offset="60" sl="511" sc="36" el="511" ec="39" bec="0" bev="0" fileid="3" />
                <SequencePoint vc="30" uspid="543" ordinal="11" offset="66" sl="511" sc="29" el="511" ec="34" bec="2" bev="2" fileid="3" />
                <SequencePoint vc="6" uspid="544" ordinal="12" offset="82" sl="516" sc="18" el="516" ec="27" bec="0" bev="0" fileid="3" />
                <SequencePoint vc="24" uspid="545" ordinal="13" offset="87" sl="517" sc="13" el="517" ec="14" bec="0" bev="0" fileid="3" />
                <SequencePoint vc="24" uspid="546" ordinal="14" offset="88" sl="518" sc="17" el="518" ec="35" bec="2" bev="2" fileid="3" />
                <SequencePoint vc="7" uspid="547" ordinal="15" offset="101" sl="519" sc="17" el="519" ec="18" bec="0" bev="0" fileid="3" />
                <SequencePoint vc="7" uspid="548" ordinal="16" offset="102" sl="520" sc="21" el="520" ec="63" bec="0" bev="0" fileid="3" />
                <SequencePoint vc="7" uspid="549" ordinal="17" offset="115" sl="521" sc="17" el="521" ec="18" bec="0" bev="0" fileid="3" />
                <SequencePoint vc="24" uspid="550" ordinal="18" offset="116" sl="522" sc="13" el="522" ec="14" bec="0" bev="0" fileid="3" />
                <SequencePoint vc="24" uspid="551" ordinal="19" offset="117" sl="516" sc="36" el="516" ec="39" bec="0" bev="0" fileid="3" />
                <SequencePoint vc="30" uspid="552" ordinal="20" offset="123" sl="516" sc="29" el="516" ec="34" bec="2" bev="2" fileid="3" />
                <SequencePoint vc="6" uspid="553" ordinal="21" offset="139" sl="523" sc="13" el="523" ec="22" bec="0" bev="0" fileid="3" />
                <SequencePoint vc="6" uspid="554" ordinal="22" offset="144" sl="524" sc="9" el="524" ec="10" bec="0" bev="0" fileid="3" />
              </SequencePoints>
              <BranchPoints>
                <BranchPoint vc="6" uspid="555" ordinal="0" offset="80" sl="511" path="0" offsetend="82" fileid="3" />
                <BranchPoint vc="24" uspid="556" ordinal="1" offset="80" sl="511" path="1" offsetend="48" fileid="3" />
                <BranchPoint vc="7" uspid="557" ordinal="2" offset="99" sl="518" path="0" offsetend="101" fileid="3" />
                <BranchPoint vc="17" uspid="558" ordinal="3" offset="99" sl="518" path="1" offsetend="116" fileid="3" />
                <BranchPoint vc="6" uspid="559" ordinal="4" offset="137" sl="516" path="0" offsetend="139" fileid="3" />
                <BranchPoint vc="24" uspid="560" ordinal="5" offset="137" sl="516" path="1" offsetend="87" fileid="3" />
              </BranchPoints>
              <MethodPoint xsi:type="SequencePoint" vc="6" uspid="532" ordinal="0" offset="0" sl="506" sc="9" el="506" ec="10" bec="0" bev="0" fileid="3" />
            </Method>
          </Methods>
        </Class>
      </Classes>
    </Module>
  </Modules>
</CoverageSession>