<?xml version="1.0" encoding="utf-8"?>
<!DOCTYPE coverage SYSTEM "http://cobertura.sourceforge.net/xml/coverage-04.dtd">
<coverage line-rate="1" branch-rate="0.9852941176470589" lines-covered="441" lines-valid="441" branches-covered="67" branches-valid="68" complexity="79" version="0" timestamp="1652737746">
  <sources />
  <packages>
    <package name="ce100-hw4-algo-lib-cs" line-rate="1" branch-rate="0.9852941176470589" complexity="58">
      <classes>
        <class name="ce100_hw4_algo_lib_cs.Activity_Selection" filename="C:\Users\Ömer Faruk Varlı\source\repos\ce100-hw4-algo-lib-cs\ce100-hw4-algo-lib-cs\Class1.cs" line-rate="1" branch-rate="1" complexity="NaN">
          <methods>
            <method name="printMaxActivities" signature="(System.Int32[],System.Int32[],System.Int32)" line-rate="1" branch-rate="1" complexity="NaN">
              <lines>
                <line number="32" hits="3" branch="false" />
                <line number="37" hits="3" branch="false" />
                <line number="40" hits="36" branch="true" condition-coverage="100% (2/2)" />
                <line number="41" hits="15" branch="false" />
                <line number="45" hits="15" branch="true" condition-coverage="100% (2/2)" />
                <line number="46" hits="5" branch="false" />
                <line number="47" hits="5" branch="false" />
                <line number="48" hits="5" branch="false" />
                <line number="49" hits="15" branch="false" />
                <line number="51" hits="3" branch="false" />
                <line number="52" hits="3" branch="false" />
              </lines>
            </method>
          </methods>
          <lines>
            <line number="32" hits="3" branch="false" />
            <line number="37" hits="3" branch="false" />
            <line number="40" hits="36" branch="true" condition-coverage="100% (2/2)" />
            <line number="41" hits="15" branch="false" />
            <line number="45" hits="15" branch="true" condition-coverage="100% (2/2)" />
            <line number="46" hits="5" branch="false" />
            <line number="47" hits="5" branch="false" />
            <line number="48" hits="5" branch="false" />
            <line number="49" hits="15" branch="false" />
            <line number="51" hits="3" branch="false" />
            <line number="52" hits="3" branch="false" />
          </lines>
        </class>
        <class name="ce100_hw4_algo_lib_cs.BFS_Problem" filename="C:\Users\Ömer Faruk Varlı\source\repos\ce100-hw4-algo-lib-cs\ce100-hw4-algo-lib-cs\Class1.cs" line-rate="1" branch-rate="1" complexity="NaN">
          <methods>
            <method name="Graph" signature="(System.Int32)" line-rate="1" branch-rate="1" complexity="NaN">
              <lines>
                <line number="189" hits="3" branch="false" />
                <line number="190" hits="3" branch="false" />
                <line number="191" hits="42" branch="true" condition-coverage="100% (2/2)" />
                <line number="192" hits="18" branch="false" />
                <line number="193" hits="18" branch="false" />
                <line number="194" hits="18" branch="false" />
                <line number="195" hits="3" branch="false" />
                <line number="196" hits="3" branch="false" />
              </lines>
            </method>
            <method name="AddEdge" signature="(System.Int32,System.Int32)" line-rate="1" branch-rate="1" complexity="NaN">
              <lines>
                <line number="200" hits="26" branch="false" />
                <line number="201" hits="26" branch="false" />
                <line number="203" hits="26" branch="false" />
              </lines>
            </method>
            <method name="BFS" signature="(System.Int32)" line-rate="1" branch-rate="1" complexity="NaN">
              <lines>
                <line number="222" hits="3" branch="false" />
                <line number="223" hits="3" branch="false" />
                <line number="227" hits="3" branch="false" />
                <line number="228" hits="42" branch="true" condition-coverage="100% (2/2)" />
                <line number="229" hits="18" branch="false" />
                <line number="232" hits="3" branch="false" />
                <line number="236" hits="3" branch="false" />
                <line number="237" hits="3" branch="false" />
                <line number="239" hits="18" branch="true" condition-coverage="100% (2/2)" />
                <line number="240" hits="15" branch="false" />
                <line number="244" hits="15" branch="false" />
                <line number="245" hits="15" branch="false" />
                <line number="246" hits="15" branch="false" />
                <line number="252" hits="15" branch="false" />
                <line number="255" hits="91" branch="false" />
                <line number="256" hits="23" branch="false" />
                <line number="257" hits="23" branch="true" condition-coverage="100% (2/2)" />
                <line number="258" hits="12" branch="false" />
                <line number="259" hits="12" branch="false" />
                <line number="260" hits="12" branch="false" />
                <line number="261" hits="12" branch="false" />
                <line number="262" hits="23" branch="false" />
                <line number="263" hits="15" branch="false" />
                <line number="264" hits="3" branch="false" />
                <line number="265" hits="3" branch="false" />
              </lines>
            </method>
          </methods>
          <lines>
            <line number="189" hits="3" branch="false" />
            <line number="190" hits="3" branch="false" />
            <line number="191" hits="42" branch="true" condition-coverage="100% (2/2)" />
            <line number="192" hits="18" branch="false" />
            <line number="193" hits="18" branch="false" />
            <line number="194" hits="18" branch="false" />
            <line number="195" hits="3" branch="false" />
            <line number="196" hits="3" branch="false" />
            <line number="200" hits="26" branch="false" />
            <line number="201" hits="26" branch="false" />
            <line number="203" hits="26" branch="false" />
            <line number="222" hits="3" branch="false" />
            <line number="223" hits="3" branch="false" />
            <line number="227" hits="3" branch="false" />
            <line number="228" hits="42" branch="true" condition-coverage="100% (2/2)" />
            <line number="229" hits="18" branch="false" />
            <line number="232" hits="3" branch="false" />
            <line number="236" hits="3" branch="false" />
            <line number="237" hits="3" branch="false" />
            <line number="239" hits="18" branch="true" condition-coverage="100% (2/2)" />
            <line number="240" hits="15" branch="false" />
            <line number="244" hits="15" branch="false" />
            <line number="245" hits="15" branch="false" />
            <line number="246" hits="15" branch="false" />
            <line number="252" hits="15" branch="false" />
            <line number="255" hits="91" branch="false" />
            <line number="256" hits="23" branch="false" />
            <line number="257" hits="23" branch="true" condition-coverage="100% (2/2)" />
            <line number="258" hits="12" branch="false" />
            <line number="259" hits="12" branch="false" />
            <line number="260" hits="12" branch="false" />
            <line number="261" hits="12" branch="false" />
            <line number="262" hits="23" branch="false" />
            <line number="263" hits="15" branch="false" />
            <line number="264" hits="3" branch="false" />
            <line number="265" hits="3" branch="false" />
          </lines>
        </class>
        <class name="ce100_hw4_algo_lib_cs.DFS_Problem" filename="C:\Users\Ömer Faruk Varlı\source\repos\ce100-hw4-algo-lib-cs\ce100-hw4-algo-lib-cs\Class1.cs" line-rate="1" branch-rate="1" complexity="NaN">
          <methods>
            <method name="graph" signature="(System.Int32)" line-rate="1" branch-rate="1" complexity="NaN">
              <lines>
                <line number="279" hits="3" branch="false" />
                <line number="281" hits="3" branch="false" />
                <line number="283" hits="32" branch="true" condition-coverage="100% (2/2)" />
                <line number="284" hits="13" branch="false" />
                <line number="285" hits="13" branch="false" />
                <line number="286" hits="13" branch="false" />
                <line number="287" hits="3" branch="false" />
                <line number="288" hits="3" branch="false" />
              </lines>
            </method>
            <method name="addEdge" signature="(System.Int32,System.Int32)" line-rate="1" branch-rate="1" complexity="NaN">
              <lines>
                <line number="292" hits="16" branch="false" />
                <line number="293" hits="16" branch="false" />
                <line number="294" hits="16" branch="false" />
              </lines>
            </method>
            <method name="DFS_Print" signature="(System.Int32)" line-rate="1" branch-rate="1" complexity="NaN">
              <lines>
                <line number="313" hits="3" branch="false" />
                <line number="315" hits="3" branch="false" />
                <line number="318" hits="3" branch="false" />
                <line number="321" hits="3" branch="false" />
                <line number="322" hits="3" branch="false" />
                <line number="323" hits="17" branch="true" condition-coverage="100% (2/2)" />
                <line number="324" hits="14" branch="false" />
                <line number="326" hits="14" branch="false" />
                <line number="327" hits="14" branch="false" />
                <line number="332" hits="14" branch="true" condition-coverage="100% (2/2)" />
                <line number="333" hits="13" branch="false" />
                <line number="334" hits="13" branch="false" />
                <line number="335" hits="13" branch="false" />
                <line number="336" hits="13" branch="false" />
                <line number="341" hits="76" branch="false" />
                <line number="342" hits="17" branch="false" />
                <line number="343" hits="17" branch="true" condition-coverage="100% (2/2)" />
                <line number="344" hits="11" branch="false" />
                <line number="345" hits="17" branch="false" />
                <line number="347" hits="14" branch="false" />
                <line number="349" hits="3" branch="false" />
                <line number="350" hits="3" branch="false" />
              </lines>
            </method>
          </methods>
          <lines>
            <line number="279" hits="3" branch="false" />
            <line number="281" hits="3" branch="false" />
            <line number="283" hits="32" branch="true" condition-coverage="100% (2/2)" />
            <line number="284" hits="13" branch="false" />
            <line number="285" hits="13" branch="false" />
            <line number="286" hits="13" branch="false" />
            <line number="287" hits="3" branch="false" />
            <line number="288" hits="3" branch="false" />
            <line number="292" hits="16" branch="false" />
            <line number="293" hits="16" branch="false" />
            <line number="294" hits="16" branch="false" />
            <line number="313" hits="3" branch="false" />
            <line number="315" hits="3" branch="false" />
            <line number="318" hits="3" branch="false" />
            <line number="321" hits="3" branch="false" />
            <line number="322" hits="3" branch="false" />
            <line number="323" hits="17" branch="true" condition-coverage="100% (2/2)" />
            <line number="324" hits="14" branch="false" />
            <line number="326" hits="14" branch="false" />
            <line number="327" hits="14" branch="false" />
            <line number="332" hits="14" branch="true" condition-coverage="100% (2/2)" />
            <line number="333" hits="13" branch="false" />
            <line number="334" hits="13" branch="false" />
            <line number="335" hits="13" branch="false" />
            <line number="336" hits="13" branch="false" />
            <line number="341" hits="76" branch="false" />
            <line number="342" hits="17" branch="false" />
            <line number="343" hits="17" branch="true" condition-coverage="100% (2/2)" />
            <line number="344" hits="11" branch="false" />
            <line number="345" hits="17" branch="false" />
            <line number="347" hits="14" branch="false" />
            <line number="349" hits="3" branch="false" />
            <line number="350" hits="3" branch="false" />
          </lines>
        </class>
        <class name="ce100_hw4_algo_lib_cs.Knapsack_Problem" filename="C:\Users\Ömer Faruk Varlı\source\repos\ce100-hw4-algo-lib-cs\ce100-hw4-algo-lib-cs\Class1.cs" line-rate="1" branch-rate="1" complexity="NaN">
          <methods>
            <method name="max" signature="(System.Int32,System.Int32)" line-rate="1" branch-rate="1" complexity="NaN">
              <lines>
                <line number="61" hits="35" branch="false" />
                <line number="62" hits="35" branch="true" condition-coverage="100% (2/2)" />
                <line number="63" hits="35" branch="false" />
              </lines>
            </method>
            <method name="knapSack" signature="(System.Int32,System.Int32[],System.Int32[],System.Int32)" line-rate="1" branch-rate="1" complexity="NaN">
              <lines>
                <line number="87" hits="77" branch="false" />
                <line number="90" hits="77" branch="true" condition-coverage="100% (4/4)" />
                <line number="91" hits="38" branch="false" />
                <line number="97" hits="39" branch="true" condition-coverage="100% (2/2)" />
                <line number="98" hits="4" branch="false" />
                <line number="99" hits="4" branch="false" />
                <line number="105" hits="35" branch="false" />
                <line number="106" hits="35" branch="false" />
                <line number="107" hits="35" branch="false" />
                <line number="108" hits="35" branch="false" />
                <line number="109" hits="77" branch="false" />
              </lines>
            </method>
            <method name="printknapSack" signature="(System.Int32,System.Int32[],System.Int32[],System.Int32)" line-rate="1" branch-rate="1" complexity="NaN">
              <lines>
                <line number="134" hits="3" branch="false" />
                <line number="136" hits="3" branch="false" />
                <line number="139" hits="36" branch="true" condition-coverage="100% (2/2)" />
                <line number="140" hits="15" branch="false" />
                <line number="141" hits="124660" branch="true" condition-coverage="100% (2/2)" />
                <line number="142" hits="62315" branch="false" />
                <line number="143" hits="62315" branch="true" condition-coverage="100% (4/4)" />
                <line number="144" hits="13315" branch="false" />
                <line number="145" hits="49000" branch="true" condition-coverage="100% (2/2)" />
                <line number="146" hits="30712" branch="false" />
                <line number="147" hits="30712" branch="false" />
                <line number="149" hits="18288" branch="false" />
                <line number="150" hits="62315" branch="false" />
                <line number="151" hits="15" branch="false" />
                <line number="154" hits="3" branch="false" />
                <line number="156" hits="3" branch="false" />
                <line number="157" hits="28" branch="true" condition-coverage="100% (4/4)" />
                <line number="158" hits="11" branch="false" />
                <line number="165" hits="11" branch="true" condition-coverage="100% (2/2)" />
                <line number="166" hits="3" branch="false" />
                <line number="168" hits="8" branch="false" />
                <line number="171" hits="8" branch="false" />
                <line number="172" hits="8" branch="false" />
                <line number="173" hits="8" branch="false" />
                <line number="174" hits="8" branch="false" />
                <line number="175" hits="3" branch="false" />
                <line number="176" hits="3" branch="false" />
              </lines>
            </method>
          </methods>
          <lines>
            <line number="61" hits="35" branch="false" />
            <line number="62" hits="35" branch="true" condition-coverage="100% (2/2)" />
            <line number="63" hits="35" branch="false" />
            <line number="87" hits="77" branch="false" />
            <line number="90" hits="77" branch="true" condition-coverage="100% (4/4)" />
            <line number="91" hits="38" branch="false" />
            <line number="97" hits="39" branch="true" condition-coverage="100% (2/2)" />
            <line number="98" hits="4" branch="false" />
            <line number="99" hits="4" branch="false" />
            <line number="105" hits="35" branch="false" />
            <line number="106" hits="35" branch="false" />
            <line number="107" hits="35" branch="false" />
            <line number="108" hits="35" branch="false" />
            <line number="109" hits="77" branch="false" />
            <line number="134" hits="3" branch="false" />
            <line number="136" hits="3" branch="false" />
            <line number="139" hits="36" branch="true" condition-coverage="100% (2/2)" />
            <line number="140" hits="15" branch="false" />
            <line number="141" hits="124660" branch="true" condition-coverage="100% (2/2)" />
            <line number="142" hits="62315" branch="false" />
            <line number="143" hits="62315" branch="true" condition-coverage="100% (4/4)" />
            <line number="144" hits="13315" branch="false" />
            <line number="145" hits="49000" branch="true" condition-coverage="100% (2/2)" />
            <line number="146" hits="30712" branch="false" />
            <line number="147" hits="30712" branch="false" />
            <line number="149" hits="18288" branch="false" />
            <line number="150" hits="62315" branch="false" />
            <line number="151" hits="15" branch="false" />
            <line number="154" hits="3" branch="false" />
            <line number="156" hits="3" branch="false" />
            <line number="157" hits="28" branch="true" condition-coverage="100% (4/4)" />
            <line number="158" hits="11" branch="false" />
            <line number="165" hits="11" branch="true" condition-coverage="100% (2/2)" />
            <line number="166" hits="3" branch="false" />
            <line number="168" hits="8" branch="false" />
            <line number="171" hits="8" branch="false" />
            <line number="172" hits="8" branch="false" />
            <line number="173" hits="8" branch="false" />
            <line number="174" hits="8" branch="false" />
            <line number="175" hits="3" branch="false" />
            <line number="176" hits="3" branch="false" />
          </lines>
        </class>
        <class name="ce100_hw4_algo_lib_cs.SCC_Problem" filename="C:\Users\Ömer Faruk Varlı\source\repos\ce100-hw4-algo-lib-cs\ce100-hw4-algo-lib-cs\Class1.cs" line-rate="1" branch-rate="0.9375" complexity="4">
          <methods>
            <method name="addEdge" signature="(System.Int32,System.Int32)" line-rate="1" branch-rate="1" complexity="NaN">
              <lines>
                <line number="465" hits="18" branch="false" />
                <line number="466" hits="18" branch="false" />
                <line number="467" hits="18" branch="false" />
              </lines>
            </method>
            <method name=".ctor" signature="(System.Int32)" line-rate="1" branch-rate="1" complexity="NaN">
              <lines>
                <line number="468" hits="6" branch="false" />
                <line number="469" hits="6" branch="false" />
                <line number="470" hits="6" branch="false" />
                <line number="471" hits="6" branch="false" />
                <line number="472" hits="60" branch="true" condition-coverage="100% (2/2)" />
                <line number="473" hits="24" branch="false" />
                <line number="474" hits="24" branch="false" />
                <line number="475" hits="24" branch="false" />
                <line number="476" hits="6" branch="false" />
              </lines>
            </method>
            <method name="SCCUtil" signature="(System.Int32,System.Int32[],System.Int32[],System.Boolean[],System.Collections.Generic.Stack`1&lt;System.Int32&gt;)" line-rate="1" branch-rate="0.875" complexity="NaN">
              <lines>
                <line number="478" hits="24" branch="false" />
                <line number="479" hits="24" branch="false" />
                <line number="480" hits="24" branch="false" />
                <line number="481" hits="24" branch="false" />
                <line number="482" hits="108" branch="false" />
                <line number="483" hits="18" branch="false" />
                <line number="484" hits="18" branch="true" condition-coverage="100% (2/2)" />
                <line number="485" hits="17" branch="false" />
                <line number="486" hits="17" branch="false" />
                <line number="487" hits="17" branch="false" />
                <line number="488" hits="17" branch="false" />
                <line number="489" hits="1" branch="true" condition-coverage="50% (1/2)" />
                <line number="490" hits="1" branch="false" />
                <line number="491" hits="1" branch="false" />
                <line number="492" hits="1" branch="false" />
                <line number="493" hits="18" branch="false" />
                <line number="494" hits="24" branch="true" condition-coverage="100% (2/2)" />
                <line number="495" hits="23" branch="false" />
                <line number="498" hits="24" branch="false" />
                <line number="499" hits="24" branch="false" />
                <line number="500" hits="24" branch="false" />
                <line number="501" hits="24" branch="false" />
                <line number="502" hits="48" branch="true" condition-coverage="100% (2/2)" />
                <line number="503" hits="23" branch="false" />
                <line number="504" hits="24" branch="false" />
              </lines>
            </method>
            <method name="SCC" signature="()" line-rate="1" branch-rate="1" complexity="4">
              <lines>
                <line number="506" hits="6" branch="false" />
                <line number="507" hits="6" branch="false" />
                <line number="508" hits="6" branch="false" />
                <line number="509" hits="6" branch="false" />
                <line number="510" hits="6" branch="false" />
                <line number="511" hits="60" branch="true" condition-coverage="100% (2/2)" />
                <line number="512" hits="24" branch="false" />
                <line number="513" hits="24" branch="false" />
                <line number="514" hits="24" branch="false" />
                <line number="515" hits="24" branch="false" />
                <line number="516" hits="60" branch="true" condition-coverage="100% (2/2)" />
                <line number="517" hits="24" branch="false" />
                <line number="518" hits="24" branch="true" condition-coverage="100% (2/2)" />
                <line number="519" hits="7" branch="false" />
                <line number="520" hits="7" branch="false" />
                <line number="521" hits="7" branch="false" />
                <line number="522" hits="24" branch="false" />
                <line number="523" hits="6" branch="false" />
                <line number="524" hits="6" branch="false" />
              </lines>
            </method>
          </methods>
          <lines>
            <line number="465" hits="18" branch="false" />
            <line number="466" hits="18" branch="false" />
            <line number="467" hits="18" branch="false" />
            <line number="468" hits="6" branch="false" />
            <line number="469" hits="6" branch="false" />
            <line number="470" hits="6" branch="false" />
            <line number="471" hits="6" branch="false" />
            <line number="472" hits="60" branch="true" condition-coverage="100% (2/2)" />
            <line number="473" hits="24" branch="false" />
            <line number="474" hits="24" branch="false" />
            <line number="475" hits="24" branch="false" />
            <line number="476" hits="6" branch="false" />
            <line number="478" hits="24" branch="false" />
            <line number="479" hits="24" branch="false" />
            <line number="480" hits="24" branch="false" />
            <line number="481" hits="24" branch="false" />
            <line number="482" hits="108" branch="false" />
            <line number="483" hits="18" branch="false" />
            <line number="484" hits="18" branch="true" condition-coverage="100% (2/2)" />
            <line number="485" hits="17" branch="false" />
            <line number="486" hits="17" branch="false" />
            <line number="487" hits="17" branch="false" />
            <line number="488" hits="17" branch="false" />
            <line number="489" hits="1" branch="true" condition-coverage="50% (1/2)" />
            <line number="490" hits="1" branch="false" />
            <line number="491" hits="1" branch="false" />
            <line number="492" hits="1" branch="false" />
            <line number="493" hits="18" branch="false" />
            <line number="494" hits="24" branch="true" condition-coverage="100% (2/2)" />
            <line number="495" hits="23" branch="false" />
            <line number="498" hits="24" branch="false" />
            <line number="499" hits="24" branch="false" />
            <line number="500" hits="24" branch="false" />
            <line number="501" hits="24" branch="false" />
            <line number="502" hits="48" branch="true" condition-coverage="100% (2/2)" />
            <line number="503" hits="23" branch="false" />
            <line number="504" hits="24" branch="false" />
            <line number="506" hits="6" branch="false" />
            <line number="507" hits="6" branch="false" />
            <line number="508" hits="6" branch="false" />
            <line number="509" hits="6" branch="false" />
            <line number="510" hits="6" branch="false" />
            <line number="511" hits="60" branch="true" condition-coverage="100% (2/2)" />
            <line number="512" hits="24" branch="false" />
            <line number="513" hits="24" branch="false" />
            <line number="514" hits="24" branch="false" />
            <line number="515" hits="24" branch="false" />
            <line number="516" hits="60" branch="true" condition-coverage="100% (2/2)" />
            <line number="517" hits="24" branch="false" />
            <line number="518" hits="24" branch="true" condition-coverage="100% (2/2)" />
            <line number="519" hits="7" branch="false" />
            <line number="520" hits="7" branch="false" />
            <line number="521" hits="7" branch="false" />
            <line number="522" hits="24" branch="false" />
            <line number="523" hits="6" branch="false" />
            <line number="524" hits="6" branch="false" />
          </lines>
        </class>
        <class name="ce100_hw4_algo_lib_cs.Topological_Sort_Problem" filename="C:\Users\Ömer Faruk Varlı\source\repos\ce100-hw4-algo-lib-cs\ce100-hw4-algo-lib-cs\Class1.cs" line-rate="1" branch-rate="1" complexity="4">
          <methods>
            <method name="_graph" signature="(System.Int32)" line-rate="1" branch-rate="1" complexity="NaN">
              <lines>
                <line number="365" hits="3" branch="false" />
                <line number="366" hits="3" branch="false" />
                <line number="367" hits="3" branch="false" />
                <line number="368" hits="42" branch="true" condition-coverage="100% (2/2)" />
                <line number="369" hits="18" branch="false" />
                <line number="370" hits="3" branch="false" />
              </lines>
            </method>
            <method name="addedge" signature="(System.Int32,System.Int32)" line-rate="1" branch-rate="1" complexity="NaN">
              <lines>
                <line number="374" hits="18" branch="false" />
                <line number="375" hits="18" branch="false" />
                <line number="376" hits="18" branch="false" />
              </lines>
            </method>
            <method name="TopologicalSortUtil" signature="(System.Int32,System.Boolean[],System.Collections.Generic.Stack`1&lt;System.Int32&gt;)" line-rate="1" branch-rate="1" complexity="NaN">
              <lines>
                <line number="398" hits="18" branch="false" />
                <line number="401" hits="18" branch="false" />
                <line number="405" hits="90" branch="false" />
                <line number="406" hits="18" branch="false" />
                <line number="407" hits="18" branch="true" condition-coverage="100% (2/2)" />
                <line number="408" hits="3" branch="false" />
                <line number="409" hits="18" branch="false" />
                <line number="413" hits="18" branch="false" />
                <line number="414" hits="18" branch="false" />
              </lines>
            </method>
            <method name="TopologicalSort" signature="()" line-rate="1" branch-rate="1" complexity="4">
              <lines>
                <line number="419" hits="3" branch="false" />
                <line number="420" hits="3" branch="false" />
                <line number="423" hits="3" branch="false" />
                <line number="424" hits="3" branch="false" />
                <line number="428" hits="42" branch="true" condition-coverage="100% (2/2)" />
                <line number="429" hits="18" branch="false" />
                <line number="430" hits="18" branch="true" condition-coverage="100% (2/2)" />
                <line number="431" hits="15" branch="false" />
                <line number="432" hits="18" branch="false" />
                <line number="435" hits="45" branch="false" />
                <line number="436" hits="18" branch="false" />
                <line number="437" hits="18" branch="false" />
                <line number="438" hits="18" branch="false" />
                <line number="440" hits="3" branch="false" />
                <line number="442" hits="3" branch="false" />
              </lines>
            </method>
          </methods>
          <lines>
            <line number="365" hits="3" branch="false" />
            <line number="366" hits="3" branch="false" />
            <line number="367" hits="3" branch="false" />
            <line number="368" hits="42" branch="true" condition-coverage="100% (2/2)" />
            <line number="369" hits="18" branch="false" />
            <line number="370" hits="3" branch="false" />
            <line number="374" hits="18" branch="false" />
            <line number="375" hits="18" branch="false" />
            <line number="376" hits="18" branch="false" />
            <line number="398" hits="18" branch="false" />
            <line number="401" hits="18" branch="false" />
            <line number="405" hits="90" branch="false" />
            <line number="406" hits="18" branch="false" />
            <line number="407" hits="18" branch="true" condition-coverage="100% (2/2)" />
            <line number="408" hits="3" branch="false" />
            <line number="409" hits="18" branch="false" />
            <line number="413" hits="18" branch="false" />
            <line number="414" hits="18" branch="false" />
            <line number="419" hits="3" branch="false" />
            <line number="420" hits="3" branch="false" />
            <line number="423" hits="3" branch="false" />
            <line number="424" hits="3" branch="false" />
            <line number="428" hits="42" branch="true" condition-coverage="100% (2/2)" />
            <line number="429" hits="18" branch="false" />
            <line number="430" hits="18" branch="true" condition-coverage="100% (2/2)" />
            <line number="431" hits="15" branch="false" />
            <line number="432" hits="18" branch="false" />
            <line number="435" hits="45" branch="false" />
            <line number="436" hits="18" branch="false" />
            <line number="437" hits="18" branch="false" />
            <line number="438" hits="18" branch="false" />
            <line number="440" hits="3" branch="false" />
            <line number="442" hits="3" branch="false" />
          </lines>
        </class>
      </classes>
    </package>
    <package name="ce100-hw4-algo-test-cs" line-rate="1" branch-rate="1" complexity="21">
      <classes>
        <class name="ce100_hw4_algo_test_cs.UnitTest1" filename="C:\Users\Ömer Faruk Varlı\source\repos\ce100-hw4-algo-lib-cs\ce100-hw4-algo-test-cs\UnitTest1.cs" line-rate="1" branch-rate="1" complexity="21">
          <methods>
            <method name="Activity_Selection_Test_1" signature="()" line-rate="1" branch-rate="1" complexity="1">
              <lines>
                <line number="12" hits="1" branch="false" />
                <line number="13" hits="1" branch="false" />
                <line number="15" hits="1" branch="false" />
                <line number="16" hits="1" branch="false" />
                <line number="18" hits="1" branch="false" />
                <line number="19" hits="1" branch="false" />
                <line number="20" hits="1" branch="false" />
                <line number="21" hits="1" branch="false" />
              </lines>
            </method>
            <method name="Activity_Selection_Test_2" signature="()" line-rate="1" branch-rate="1" complexity="1">
              <lines>
                <line number="25" hits="1" branch="false" />
                <line number="26" hits="1" branch="false" />
                <line number="28" hits="1" branch="false" />
                <line number="29" hits="1" branch="false" />
                <line number="31" hits="1" branch="false" />
                <line number="32" hits="1" branch="false" />
                <line number="33" hits="1" branch="false" />
                <line number="34" hits="1" branch="false" />
              </lines>
            </method>
            <method name="Activity_Selection_Test_3" signature="()" line-rate="1" branch-rate="1" complexity="1">
              <lines>
                <line number="38" hits="1" branch="false" />
                <line number="39" hits="1" branch="false" />
                <line number="41" hits="1" branch="false" />
                <line number="42" hits="1" branch="false" />
                <line number="44" hits="1" branch="false" />
                <line number="45" hits="1" branch="false" />
                <line number="46" hits="1" branch="false" />
                <line number="47" hits="1" branch="false" />
              </lines>
            </method>
            <method name="Knapsack_test_1" signature="()" line-rate="1" branch-rate="1" complexity="1">
              <lines>
                <line number="51" hits="1" branch="false" />
                <line number="52" hits="1" branch="false" />
                <line number="53" hits="1" branch="false" />
                <line number="54" hits="1" branch="false" />
                <line number="55" hits="1" branch="false" />
                <line number="57" hits="1" branch="false" />
                <line number="58" hits="1" branch="false" />
                <line number="59" hits="1" branch="false" />
                <line number="60" hits="1" branch="false" />
              </lines>
            </method>
            <method name="Knapsack_test_2" signature="()" line-rate="1" branch-rate="1" complexity="1">
              <lines>
                <line number="64" hits="1" branch="false" />
                <line number="65" hits="1" branch="false" />
                <line number="66" hits="1" branch="false" />
                <line number="67" hits="1" branch="false" />
                <line number="68" hits="1" branch="false" />
                <line number="70" hits="1" branch="false" />
                <line number="71" hits="1" branch="false" />
                <line number="72" hits="1" branch="false" />
                <line number="73" hits="1" branch="false" />
              </lines>
            </method>
            <method name="Knapsack_test_3" signature="()" line-rate="1" branch-rate="1" complexity="1">
              <lines>
                <line number="77" hits="1" branch="false" />
                <line number="78" hits="1" branch="false" />
                <line number="79" hits="1" branch="false" />
                <line number="80" hits="1" branch="false" />
                <line number="81" hits="1" branch="false" />
                <line number="83" hits="1" branch="false" />
                <line number="84" hits="1" branch="false" />
                <line number="85" hits="1" branch="false" />
                <line number="86" hits="1" branch="false" />
              </lines>
            </method>
            <method name="Knapsack_Print_test_1" signature="()" line-rate="1" branch-rate="1" complexity="1">
              <lines>
                <line number="90" hits="1" branch="false" />
                <line number="91" hits="1" branch="false" />
                <line number="92" hits="1" branch="false" />
                <line number="93" hits="1" branch="false" />
                <line number="94" hits="1" branch="false" />
                <line number="96" hits="1" branch="false" />
                <line number="97" hits="1" branch="false" />
                <line number="98" hits="1" branch="false" />
                <line number="99" hits="1" branch="false" />
              </lines>
            </method>
            <method name="Knapsack_Print_test_2" signature="()" line-rate="1" branch-rate="1" complexity="1">
              <lines>
                <line number="103" hits="1" branch="false" />
                <line number="104" hits="1" branch="false" />
                <line number="105" hits="1" branch="false" />
                <line number="106" hits="1" branch="false" />
                <line number="107" hits="1" branch="false" />
                <line number="109" hits="1" branch="false" />
                <line number="110" hits="1" branch="false" />
                <line number="111" hits="1" branch="false" />
                <line number="112" hits="1" branch="false" />
              </lines>
            </method>
            <method name="Knapsack_Print_test_3" signature="()" line-rate="1" branch-rate="1" complexity="1">
              <lines>
                <line number="116" hits="1" branch="false" />
                <line number="117" hits="1" branch="false" />
                <line number="118" hits="1" branch="false" />
                <line number="119" hits="1" branch="false" />
                <line number="120" hits="1" branch="false" />
                <line number="122" hits="1" branch="false" />
                <line number="123" hits="1" branch="false" />
                <line number="124" hits="1" branch="false" />
                <line number="125" hits="1" branch="false" />
              </lines>
            </method>
            <method name="BFS_test_1" signature="()" line-rate="1" branch-rate="1" complexity="1">
              <lines>
                <line number="129" hits="1" branch="false" />
                <line number="130" hits="1" branch="false" />
                <line number="132" hits="1" branch="false" />
                <line number="133" hits="1" branch="false" />
                <line number="134" hits="1" branch="false" />
                <line number="135" hits="1" branch="false" />
                <line number="136" hits="1" branch="false" />
                <line number="137" hits="1" branch="false" />
                <line number="139" hits="1" branch="false" />
                <line number="140" hits="1" branch="false" />
                <line number="141" hits="1" branch="false" />
                <line number="142" hits="1" branch="false" />
              </lines>
            </method>
            <method name="BFS_test_2" signature="()" line-rate="1" branch-rate="1" complexity="1">
              <lines>
                <line number="146" hits="1" branch="false" />
                <line number="147" hits="1" branch="false" />
                <line number="149" hits="1" branch="false" />
                <line number="150" hits="1" branch="false" />
                <line number="151" hits="1" branch="false" />
                <line number="152" hits="1" branch="false" />
                <line number="153" hits="1" branch="false" />
                <line number="154" hits="1" branch="false" />
                <line number="155" hits="1" branch="false" />
                <line number="156" hits="1" branch="false" />
                <line number="157" hits="1" branch="false" />
                <line number="158" hits="1" branch="false" />
                <line number="159" hits="1" branch="false" />
                <line number="161" hits="1" branch="false" />
                <line number="162" hits="1" branch="false" />
                <line number="163" hits="1" branch="false" />
                <line number="164" hits="1" branch="false" />
              </lines>
            </method>
            <method name="BFS_test_3" signature="()" line-rate="1" branch-rate="1" complexity="1">
              <lines>
                <line number="168" hits="1" branch="false" />
                <line number="169" hits="1" branch="false" />
                <line number="171" hits="1" branch="false" />
                <line number="172" hits="1" branch="false" />
                <line number="173" hits="1" branch="false" />
                <line number="174" hits="1" branch="false" />
                <line number="175" hits="1" branch="false" />
                <line number="176" hits="1" branch="false" />
                <line number="177" hits="1" branch="false" />
                <line number="178" hits="1" branch="false" />
                <line number="179" hits="1" branch="false" />
                <line number="181" hits="1" branch="false" />
                <line number="182" hits="1" branch="false" />
                <line number="183" hits="1" branch="false" />
                <line number="184" hits="1" branch="false" />
              </lines>
            </method>
            <method name="DFS_test_1" signature="()" line-rate="1" branch-rate="1" complexity="1">
              <lines>
                <line number="188" hits="1" branch="false" />
                <line number="189" hits="1" branch="false" />
                <line number="191" hits="1" branch="false" />
                <line number="192" hits="1" branch="false" />
                <line number="193" hits="1" branch="false" />
                <line number="194" hits="1" branch="false" />
                <line number="195" hits="1" branch="false" />
                <line number="196" hits="1" branch="false" />
                <line number="200" hits="1" branch="false" />
                <line number="201" hits="1" branch="false" />
                <line number="202" hits="1" branch="false" />
                <line number="203" hits="1" branch="false" />
              </lines>
            </method>
            <method name="DFS_test_2" signature="()" line-rate="1" branch-rate="1" complexity="1">
              <lines>
                <line number="208" hits="1" branch="false" />
                <line number="209" hits="1" branch="false" />
                <line number="211" hits="1" branch="false" />
                <line number="212" hits="1" branch="false" />
                <line number="213" hits="1" branch="false" />
                <line number="214" hits="1" branch="false" />
                <line number="215" hits="1" branch="false" />
                <line number="216" hits="1" branch="false" />
                <line number="219" hits="1" branch="false" />
                <line number="220" hits="1" branch="false" />
                <line number="221" hits="1" branch="false" />
                <line number="222" hits="1" branch="false" />
              </lines>
            </method>
            <method name="DFS_test_3" signature="()" line-rate="1" branch-rate="1" complexity="1">
              <lines>
                <line number="227" hits="1" branch="false" />
                <line number="228" hits="1" branch="false" />
                <line number="230" hits="1" branch="false" />
                <line number="231" hits="1" branch="false" />
                <line number="232" hits="1" branch="false" />
                <line number="233" hits="1" branch="false" />
                <line number="237" hits="1" branch="false" />
                <line number="238" hits="1" branch="false" />
                <line number="239" hits="1" branch="false" />
                <line number="240" hits="1" branch="false" />
              </lines>
            </method>
            <method name="Topological_Sort_Problem_Test_1" signature="()" line-rate="1" branch-rate="1" complexity="1">
              <lines>
                <line number="244" hits="1" branch="false" />
                <line number="245" hits="1" branch="false" />
                <line number="246" hits="1" branch="false" />
                <line number="247" hits="1" branch="false" />
                <line number="248" hits="1" branch="false" />
                <line number="249" hits="1" branch="false" />
                <line number="250" hits="1" branch="false" />
                <line number="251" hits="1" branch="false" />
                <line number="254" hits="1" branch="false" />
                <line number="255" hits="1" branch="false" />
                <line number="256" hits="1" branch="false" />
                <line number="257" hits="1" branch="false" />
              </lines>
            </method>
            <method name="Topological_Sort_Problem_Test_2" signature="()" line-rate="1" branch-rate="1" complexity="1">
              <lines>
                <line number="261" hits="1" branch="false" />
                <line number="262" hits="1" branch="false" />
                <line number="263" hits="1" branch="false" />
                <line number="264" hits="1" branch="false" />
                <line number="265" hits="1" branch="false" />
                <line number="266" hits="1" branch="false" />
                <line number="267" hits="1" branch="false" />
                <line number="268" hits="1" branch="false" />
                <line number="271" hits="1" branch="false" />
                <line number="272" hits="1" branch="false" />
                <line number="273" hits="1" branch="false" />
                <line number="274" hits="1" branch="false" />
              </lines>
            </method>
            <method name="Topological_Sort_Problem_Test_3" signature="()" line-rate="1" branch-rate="1" complexity="1">
              <lines>
                <line number="278" hits="1" branch="false" />
                <line number="279" hits="1" branch="false" />
                <line number="280" hits="1" branch="false" />
                <line number="281" hits="1" branch="false" />
                <line number="282" hits="1" branch="false" />
                <line number="283" hits="1" branch="false" />
                <line number="284" hits="1" branch="false" />
                <line number="285" hits="1" branch="false" />
                <line number="288" hits="1" branch="false" />
                <line number="289" hits="1" branch="false" />
                <line number="290" hits="1" branch="false" />
                <line number="291" hits="1" branch="false" />
              </lines>
            </method>
            <method name="SCCProblemtest" signature="()" line-rate="1" branch-rate="1" complexity="1">
              <lines>
                <line number="295" hits="1" branch="false" />
                <line number="296" hits="1" branch="false" />
                <line number="297" hits="1" branch="false" />
                <line number="298" hits="1" branch="false" />
                <line number="299" hits="1" branch="false" />
                <line number="300" hits="1" branch="false" />
                <line number="301" hits="1" branch="false" />
                <line number="302" hits="1" branch="false" />
                <line number="303" hits="1" branch="false" />
                <line number="304" hits="1" branch="false" />
                <line number="305" hits="1" branch="false" />
              </lines>
            </method>
            <method name="SCC_test_2" signature="()" line-rate="1" branch-rate="1" complexity="1">
              <lines>
                <line number="309" hits="1" branch="false" />
                <line number="310" hits="1" branch="false" />
                <line number="311" hits="1" branch="false" />
                <line number="312" hits="1" branch="false" />
                <line number="313" hits="1" branch="false" />
                <line number="314" hits="1" branch="false" />
                <line number="315" hits="1" branch="false" />
                <line number="316" hits="1" branch="false" />
                <line number="317" hits="1" branch="false" />
                <line number="318" hits="1" branch="false" />
                <line number="319" hits="1" branch="false" />
                <line number="320" hits="1" branch="false" />
                <line number="321" hits="1" branch="false" />
              </lines>
            </method>
            <method name="SCC_test_3" signature="()" line-rate="1" branch-rate="1" complexity="1">
              <lines>
                <line number="325" hits="1" branch="false" />
                <line number="326" hits="1" branch="false" />
                <line number="327" hits="1" branch="false" />
                <line number="328" hits="1" branch="false" />
                <line number="329" hits="1" branch="false" />
                <line number="330" hits="1" branch="false" />
                <line number="331" hits="1" branch="false" />
                <line number="332" hits="1" branch="false" />
                <line number="333" hits="1" branch="false" />
                <line number="334" hits="1" branch="false" />
                <line number="335" hits="1" branch="false" />
                <line number="336" hits="1" branch="false" />
                <line number="337" hits="1" branch="false" />
                <line number="338" hits="1" branch="false" />
                <line number="339" hits="1" branch="false" />
              </lines>
            </method>
          </methods>
          <lines>
            <line number="12" hits="1" branch="false" />
            <line number="13" hits="1" branch="false" />
            <line number="15" hits="1" branch="false" />
            <line number="16" hits="1" branch="false" />
            <line number="18" hits="1" branch="false" />
            <line number="19" hits="1" branch="false" />
            <line number="20" hits="1" branch="false" />
            <line number="21" hits="1" branch="false" />
            <line number="25" hits="1" branch="false" />
            <line number="26" hits="1" branch="false" />
            <line number="28" hits="1" branch="false" />
            <line number="29" hits="1" branch="false" />
            <line number="31" hits="1" branch="false" />
            <line number="32" hits="1" branch="false" />
            <line number="33" hits="1" branch="false" />
            <line number="34" hits="1" branch="false" />
            <line number="38" hits="1" branch="false" />
            <line number="39" hits="1" branch="false" />
            <line number="41" hits="1" branch="false" />
            <line number="42" hits="1" branch="false" />
            <line number="44" hits="1" branch="false" />
            <line number="45" hits="1" branch="false" />
            <line number="46" hits="1" branch="false" />
            <line number="47" hits="1" branch="false" />
            <line number="51" hits="1" branch="false" />
            <line number="52" hits="1" branch="false" />
            <line number="53" hits="1" branch="false" />
            <line number="54" hits="1" branch="false" />
            <line number="55" hits="1" branch="false" />
            <line number="57" hits="1" branch="false" />
            <line number="58" hits="1" branch="false" />
            <line number="59" hits="1" branch="false" />
            <line number="60" hits="1" branch="false" />
            <line number="64" hits="1" branch="false" />
            <line number="65" hits="1" branch="false" />
            <line number="66" hits="1" branch="false" />
            <line number="67" hits="1" branch="false" />
            <line number="68" hits="1" branch="false" />
            <line number="70" hits="1" branch="false" />
            <line number="71" hits="1" branch="false" />
            <line number="72" hits="1" branch="false" />
            <line number="73" hits="1" branch="false" />
            <line number="77" hits="1" branch="false" />
            <line number="78" hits="1" branch="false" />
            <line number="79" hits="1" branch="false" />
            <line number="80" hits="1" branch="false" />
            <line number="81" hits="1" branch="false" />
            <line number="83" hits="1" branch="false" />
            <line number="84" hits="1" branch="false" />
            <line number="85" hits="1" branch="false" />
            <line number="86" hits="1" branch="false" />
            <line number="90" hits="1" branch="false" />
            <line number="91" hits="1" branch="false" />
            <line number="92" hits="1" branch="false" />
            <line number="93" hits="1" branch="false" />
            <line number="94" hits="1" branch="false" />
            <line number="96" hits="1" branch="false" />
            <line number="97" hits="1" branch="false" />
            <line number="98" hits="1" branch="false" />
            <line number="99" hits="1" branch="false" />
            <line number="103" hits="1" branch="false" />
            <line number="104" hits="1" branch="false" />
            <line number="105" hits="1" branch="false" />
            <line number="106" hits="1" branch="false" />
            <line number="107" hits="1" branch="false" />
            <line number="109" hits="1" branch="false" />
            <line number="110" hits="1" branch="false" />
            <line number="111" hits="1" branch="false" />
            <line number="112" hits="1" branch="false" />
            <line number="116" hits="1" branch="false" />
            <line number="117" hits="1" branch="false" />
            <line number="118" hits="1" branch="false" />
            <line number="119" hits="1" branch="false" />
            <line number="120" hits="1" branch="false" />
            <line number="122" hits="1" branch="false" />
            <line number="123" hits="1" branch="false" />
            <line number="124" hits="1" branch="false" />
            <line number="125" hits="1" branch="false" />
            <line number="129" hits="1" branch="false" />
            <line number="130" hits="1" branch="false" />
            <line number="132" hits="1" branch="false" />
            <line number="133" hits="1" branch="false" />
            <line number="134" hits="1" branch="false" />
            <line number="135" hits="1" branch="false" />
            <line number="136" hits="1" branch="false" />
            <line number="137" hits="1" branch="false" />
            <line number="139" hits="1" branch="false" />
            <line number="140" hits="1" branch="false" />
            <line number="141" hits="1" branch="false" />
            <line number="142" hits="1" branch="false" />
            <line number="146" hits="1" branch="false" />
            <line number="147" hits="1" branch="false" />
            <line number="149" hits="1" branch="false" />
            <line number="150" hits="1" branch="false" />
            <line number="151" hits="1" branch="false" />
            <line number="152" hits="1" branch="false" />
            <line number="153" hits="1" branch="false" />
            <line number="154" hits="1" branch="false" />
            <line number="155" hits="1" branch="false" />
            <line number="156" hits="1" branch="false" />
            <line number="157" hits="1" branch="false" />
            <line number="158" hits="1" branch="false" />
            <line number="159" hits="1" branch="false" />
            <line number="161" hits="1" branch="false" />
            <line number="162" hits="1" branch="false" />
            <line number="163" hits="1" branch="false" />
            <line number="164" hits="1" branch="false" />
            <line number="168" hits="1" branch="false" />
            <line number="169" hits="1" branch="false" />
            <line number="171" hits="1" branch="false" />
            <line number="172" hits="1" branch="false" />
            <line number="173" hits="1" branch="false" />
            <line number="174" hits="1" branch="false" />
            <line number="175" hits="1" branch="false" />
            <line number="176" hits="1" branch="false" />
            <line number="177" hits="1" branch="false" />
            <line number="178" hits="1" branch="false" />
            <line number="179" hits="1" branch="false" />
            <line number="181" hits="1" branch="false" />
            <line number="182" hits="1" branch="false" />
            <line number="183" hits="1" branch="false" />
            <line number="184" hits="1" branch="false" />
            <line number="188" hits="1" branch="false" />
            <line number="189" hits="1" branch="false" />
            <line number="191" hits="1" branch="false" />
            <line number="192" hits="1" branch="false" />
            <line number="193" hits="1" branch="false" />
            <line number="194" hits="1" branch="false" />
            <line number="195" hits="1" branch="false" />
            <line number="196" hits="1" branch="false" />
            <line number="200" hits="1" branch="false" />
            <line number="201" hits="1" branch="false" />
            <line number="202" hits="1" branch="false" />
            <line number="203" hits="1" branch="false" />
            <line number="208" hits="1" branch="false" />
            <line number="209" hits="1" branch="false" />
            <line number="211" hits="1" branch="false" />
            <line number="212" hits="1" branch="false" />
            <line number="213" hits="1" branch="false" />
            <line number="214" hits="1" branch="false" />
            <line number="215" hits="1" branch="false" />
            <line number="216" hits="1" branch="false" />
            <line number="219" hits="1" branch="false" />
            <line number="220" hits="1" branch="false" />
            <line number="221" hits="1" branch="false" />
            <line number="222" hits="1" branch="false" />
            <line number="227" hits="1" branch="false" />
            <line number="228" hits="1" branch="false" />
            <line number="230" hits="1" branch="false" />
            <line number="231" hits="1" branch="false" />
            <line number="232" hits="1" branch="false" />
            <line number="233" hits="1" branch="false" />
            <line number="237" hits="1" branch="false" />
            <line number="238" hits="1" branch="false" />
            <line number="239" hits="1" branch="false" />
            <line number="240" hits="1" branch="false" />
            <line number="244" hits="1" branch="false" />
            <line number="245" hits="1" branch="false" />
            <line number="246" hits="1" branch="false" />
            <line number="247" hits="1" branch="false" />
            <line number="248" hits="1" branch="false" />
            <line number="249" hits="1" branch="false" />
            <line number="250" hits="1" branch="false" />
            <line number="251" hits="1" branch="false" />
            <line number="254" hits="1" branch="false" />
            <line number="255" hits="1" branch="false" />
            <line number="256" hits="1" branch="false" />
            <line number="257" hits="1" branch="false" />
            <line number="261" hits="1" branch="false" />
            <line number="262" hits="1" branch="false" />
            <line number="263" hits="1" branch="false" />
            <line number="264" hits="1" branch="false" />
            <line number="265" hits="1" branch="false" />
            <line number="266" hits="1" branch="false" />
            <line number="267" hits="1" branch="false" />
            <line number="268" hits="1" branch="false" />
            <line number="271" hits="1" branch="false" />
            <line number="272" hits="1" branch="false" />
            <line number="273" hits="1" branch="false" />
            <line number="274" hits="1" branch="false" />
            <line number="278" hits="1" branch="false" />
            <line number="279" hits="1" branch="false" />
            <line number="280" hits="1" branch="false" />
            <line number="281" hits="1" branch="false" />
            <line number="282" hits="1" branch="false" />
            <line number="283" hits="1" branch="false" />
            <line number="284" hits="1" branch="false" />
            <line number="285" hits="1" branch="false" />
            <line number="288" hits="1" branch="false" />
            <line number="289" hits="1" branch="false" />
            <line number="290" hits="1" branch="false" />
            <line number="291" hits="1" branch="false" />
            <line number="295" hits="1" branch="false" />
            <line number="296" hits="1" branch="false" />
            <line number="297" hits="1" branch="false" />
            <line number="298" hits="1" branch="false" />
            <line number="299" hits="1" branch="false" />
            <line number="300" hits="1" branch="false" />
            <line number="301" hits="1" branch="false" />
            <line number="302" hits="1" branch="false" />
            <line number="303" hits="1" branch="false" />
            <line number="304" hits="1" branch="false" />
            <line number="305" hits="1" branch="false" />
            <line number="309" hits="1" branch="false" />
            <line number="310" hits="1" branch="false" />
            <line number="311" hits="1" branch="false" />
            <line number="312" hits="1" branch="false" />
            <line number="313" hits="1" branch="false" />
            <line number="314" hits="1" branch="false" />
            <line number="315" hits="1" branch="false" />
            <line number="316" hits="1" branch="false" />
            <line number="317" hits="1" branch="false" />
            <line number="318" hits="1" branch="false" />
            <line number="319" hits="1" branch="false" />
            <line number="320" hits="1" branch="false" />
            <line number="321" hits="1" branch="false" />
            <line number="325" hits="1" branch="false" />
            <line number="326" hits="1" branch="false" />
            <line number="327" hits="1" branch="false" />
            <line number="328" hits="1" branch="false" />
            <line number="329" hits="1" branch="false" />
            <line number="330" hits="1" branch="false" />
            <line number="331" hits="1" branch="false" />
            <line number="332" hits="1" branch="false" />
            <line number="333" hits="1" branch="false" />
            <line number="334" hits="1" branch="false" />
            <line number="335" hits="1" branch="false" />
            <line number="336" hits="1" branch="false" />
            <line number="337" hits="1" branch="false" />
            <line number="338" hits="1" branch="false" />
            <line number="339" hits="1" branch="false" />
          </lines>
        </class>
      </classes>
    </package>
  </packages>
</coverage>